-------------------------------------------------------------------------------
Test set: com.example.MiniProject1.service.CartServiceTest
-------------------------------------------------------------------------------
Tests run: 12, Failures: 4, Errors: 8, Skipped: 0, Time elapsed: 0.017 s <<< FAILURE! -- in com.example.MiniProject1.service.CartServiceTest
com.example.MiniProject1.service.CartServiceTest.testAddCart_StoredCorrectly -- Time elapsed: 0.001 s <<< ERROR!
java.lang.NullPointerException
	at java.base/java.io.File.<init>(File.java:278)
	at com.example.repository.MainRepository.findAll(MainRepository.java:29)
	at com.example.repository.CartRepository.getCartByUserId(CartRepository.java:54)
	at com.example.service.CartService.addCart(CartService.java:25)
	at com.example.MiniProject1.service.CartServiceTest.testAddCart_StoredCorrectly(CartServiceTest.java:66)
	at java.base/java.lang.reflect.Method.invoke(Method.java:580)
	at java.base/java.util.ArrayList.forEach(ArrayList.java:1597)
	at java.base/java.util.ArrayList.forEach(ArrayList.java:1597)

com.example.MiniProject1.service.CartServiceTest.testGetCarts_EnsuresCorrectFormat -- Time elapsed: 0 s <<< ERROR!
java.lang.NullPointerException
	at java.base/java.io.File.<init>(File.java:278)
	at com.example.repository.MainRepository.findAll(MainRepository.java:29)
	at com.example.service.CartService.getCarts(CartService.java:35)
	at com.example.MiniProject1.service.CartServiceTest.testGetCarts_EnsuresCorrectFormat(CartServiceTest.java:124)
	at java.base/java.lang.reflect.Method.invoke(Method.java:580)
	at java.base/java.util.ArrayList.forEach(ArrayList.java:1597)
	at java.base/java.util.ArrayList.forEach(ArrayList.java:1597)

com.example.MiniProject1.service.CartServiceTest.addCart -- Time elapsed: 0 s <<< ERROR!
java.lang.NullPointerException
	at java.base/java.io.File.<init>(File.java:278)
	at com.example.repository.MainRepository.findAll(MainRepository.java:29)
	at com.example.repository.CartRepository.getCartByUserId(CartRepository.java:54)
	at com.example.service.CartService.addCart(CartService.java:25)
	at com.example.MiniProject1.service.CartServiceTest.addCart(CartServiceTest.java:33)
	at java.base/java.lang.reflect.Method.invoke(Method.java:580)
	at java.base/java.util.ArrayList.forEach(ArrayList.java:1597)
	at java.base/java.util.ArrayList.forEach(ArrayList.java:1597)

com.example.MiniProject1.service.CartServiceTest.testGetCartById_ReturnsCorrectCart -- Time elapsed: 0 s <<< ERROR!
java.lang.NullPointerException
	at java.base/java.io.File.<init>(File.java:278)
	at com.example.repository.MainRepository.findAll(MainRepository.java:29)
	at com.example.repository.CartRepository.getCartByUserId(CartRepository.java:54)
	at com.example.service.CartService.addCart(CartService.java:25)
	at com.example.MiniProject1.service.CartServiceTest.testGetCartById_ReturnsCorrectCart(CartServiceTest.java:141)
	at java.base/java.lang.reflect.Method.invoke(Method.java:580)
	at java.base/java.util.ArrayList.forEach(ArrayList.java:1597)
	at java.base/java.util.ArrayList.forEach(ArrayList.java:1597)

com.example.MiniProject1.service.CartServiceTest.testGetCartById_ThrowsException_WhenIdIsNull -- Time elapsed: 0 s <<< FAILURE!
org.opentest4j.AssertionFailedError: Unexpected exception type thrown, expected: <java.lang.IllegalArgumentException> but was: <java.lang.NullPointerException>
	at org.junit.jupiter.api.AssertionFailureBuilder.build(AssertionFailureBuilder.java:151)
	at org.junit.jupiter.api.AssertThrows.assertThrows(AssertThrows.java:67)
	at org.junit.jupiter.api.AssertThrows.assertThrows(AssertThrows.java:35)
	at org.junit.jupiter.api.Assertions.assertThrows(Assertions.java:3128)
	at com.example.MiniProject1.service.CartServiceTest.testGetCartById_ThrowsException_WhenIdIsNull(CartServiceTest.java:167)
	at java.base/java.lang.reflect.Method.invoke(Method.java:580)
	at java.base/java.util.ArrayList.forEach(ArrayList.java:1597)
	at java.base/java.util.ArrayList.forEach(ArrayList.java:1597)
Caused by: java.lang.NullPointerException
	at java.base/java.io.File.<init>(File.java:278)
	at com.example.repository.MainRepository.findAll(MainRepository.java:29)
	at com.example.repository.CartRepository.getCartById(CartRepository.java:45)
	at com.example.service.CartService.getCartById(CartService.java:39)
	at com.example.MiniProject1.service.CartServiceTest.lambda$testGetCartById_ThrowsException_WhenIdIsNull$7(CartServiceTest.java:168)
	at org.junit.jupiter.api.AssertThrows.assertThrows(AssertThrows.java:53)
	... 6 more

com.example.MiniProject1.service.CartServiceTest.testGetCartByUserId_ReturnsCorrectCart -- Time elapsed: 0 s <<< ERROR!
java.lang.NullPointerException
	at java.base/java.io.File.<init>(File.java:278)
	at com.example.repository.MainRepository.findAll(MainRepository.java:29)
	at com.example.repository.CartRepository.getCartByUserId(CartRepository.java:54)
	at com.example.service.CartService.addCart(CartService.java:25)
	at com.example.MiniProject1.service.CartServiceTest.testGetCartByUserId_ReturnsCorrectCart(CartServiceTest.java:179)
	at java.base/java.lang.reflect.Method.invoke(Method.java:580)
	at java.base/java.util.ArrayList.forEach(ArrayList.java:1597)
	at java.base/java.util.ArrayList.forEach(ArrayList.java:1597)

com.example.MiniProject1.service.CartServiceTest.testGetCarts_ReturnsAllCarts -- Time elapsed: 0 s <<< ERROR!
java.lang.NullPointerException
	at java.base/java.io.File.<init>(File.java:278)
	at com.example.repository.MainRepository.findAll(MainRepository.java:29)
	at com.example.repository.CartRepository.getCartByUserId(CartRepository.java:54)
	at com.example.service.CartService.addCart(CartService.java:25)
	at com.example.MiniProject1.service.CartServiceTest.testGetCarts_ReturnsAllCarts(CartServiceTest.java:86)
	at java.base/java.lang.reflect.Method.invoke(Method.java:580)
	at java.base/java.util.ArrayList.forEach(ArrayList.java:1597)
	at java.base/java.util.ArrayList.forEach(ArrayList.java:1597)

com.example.MiniProject1.service.CartServiceTest.testGetCartById_ThrowsException_WhenCartNotFound -- Time elapsed: 0 s <<< FAILURE!
org.opentest4j.AssertionFailedError: Unexpected exception type thrown, expected: <java.lang.IllegalArgumentException> but was: <java.lang.NullPointerException>
	at org.junit.jupiter.api.AssertionFailureBuilder.build(AssertionFailureBuilder.java:151)
	at org.junit.jupiter.api.AssertThrows.assertThrows(AssertThrows.java:67)
	at org.junit.jupiter.api.AssertThrows.assertThrows(AssertThrows.java:35)
	at org.junit.jupiter.api.Assertions.assertThrows(Assertions.java:3128)
	at com.example.MiniProject1.service.CartServiceTest.testGetCartById_ThrowsException_WhenCartNotFound(CartServiceTest.java:157)
	at java.base/java.lang.reflect.Method.invoke(Method.java:580)
	at java.base/java.util.ArrayList.forEach(ArrayList.java:1597)
	at java.base/java.util.ArrayList.forEach(ArrayList.java:1597)
Caused by: java.lang.NullPointerException
	at java.base/java.io.File.<init>(File.java:278)
	at com.example.repository.MainRepository.findAll(MainRepository.java:29)
	at com.example.repository.CartRepository.getCartById(CartRepository.java:45)
	at com.example.service.CartService.getCartById(CartService.java:39)
	at com.example.MiniProject1.service.CartServiceTest.lambda$testGetCartById_ThrowsException_WhenCartNotFound$6(CartServiceTest.java:158)
	at org.junit.jupiter.api.AssertThrows.assertThrows(AssertThrows.java:53)
	... 6 more

com.example.MiniProject1.service.CartServiceTest.testGetCartByUserId_ThrowsException_WhenUserIdIsNull -- Time elapsed: 0.005 s <<< FAILURE!
org.opentest4j.AssertionFailedError: Unexpected exception type thrown, expected: <java.lang.IllegalArgumentException> but was: <java.lang.NullPointerException>
	at org.junit.jupiter.api.AssertionFailureBuilder.build(AssertionFailureBuilder.java:151)
	at org.junit.jupiter.api.AssertThrows.assertThrows(AssertThrows.java:67)
	at org.junit.jupiter.api.AssertThrows.assertThrows(AssertThrows.java:35)
	at org.junit.jupiter.api.Assertions.assertThrows(Assertions.java:3128)
	at com.example.MiniProject1.service.CartServiceTest.testGetCartByUserId_ThrowsException_WhenUserIdIsNull(CartServiceTest.java:206)
	at java.base/java.lang.reflect.Method.invoke(Method.java:580)
	at java.base/java.util.ArrayList.forEach(ArrayList.java:1597)
	at java.base/java.util.ArrayList.forEach(ArrayList.java:1597)
Caused by: java.lang.NullPointerException
	at java.base/java.io.File.<init>(File.java:278)
	at com.example.repository.MainRepository.findAll(MainRepository.java:29)
	at com.example.repository.CartRepository.getCartByUserId(CartRepository.java:54)
	at com.example.service.CartService.getCartByUserId(CartService.java:49)
	at com.example.MiniProject1.service.CartServiceTest.lambda$testGetCartByUserId_ThrowsException_WhenUserIdIsNull$9(CartServiceTest.java:207)
	at org.junit.jupiter.api.AssertThrows.assertThrows(AssertThrows.java:53)
	... 6 more

com.example.MiniProject1.service.CartServiceTest.testGetCartByUserId_ThrowsException_WhenCartNotFound -- Time elapsed: 0 s <<< FAILURE!
org.opentest4j.AssertionFailedError: Unexpected exception type thrown, expected: <java.lang.IllegalArgumentException> but was: <java.lang.NullPointerException>
	at org.junit.jupiter.api.AssertionFailureBuilder.build(AssertionFailureBuilder.java:151)
	at org.junit.jupiter.api.AssertThrows.assertThrows(AssertThrows.java:67)
	at org.junit.jupiter.api.AssertThrows.assertThrows(AssertThrows.java:35)
	at org.junit.jupiter.api.Assertions.assertThrows(Assertions.java:3128)
	at com.example.MiniProject1.service.CartServiceTest.testGetCartByUserId_ThrowsException_WhenCartNotFound(CartServiceTest.java:196)
	at java.base/java.lang.reflect.Method.invoke(Method.java:580)
	at java.base/java.util.ArrayList.forEach(ArrayList.java:1597)
	at java.base/java.util.ArrayList.forEach(ArrayList.java:1597)
Caused by: java.lang.NullPointerException
	at java.base/java.io.File.<init>(File.java:278)
	at com.example.repository.MainRepository.findAll(MainRepository.java:29)
	at com.example.repository.CartRepository.getCartByUserId(CartRepository.java:54)
	at com.example.service.CartService.getCartByUserId(CartService.java:49)
	at com.example.MiniProject1.service.CartServiceTest.lambda$testGetCartByUserId_ThrowsException_WhenCartNotFound$8(CartServiceTest.java:197)
	at org.junit.jupiter.api.AssertThrows.assertThrows(AssertThrows.java:53)
	... 6 more

com.example.MiniProject1.service.CartServiceTest.testAddCart_UserAlreadyHasCart -- Time elapsed: 0 s <<< ERROR!
java.lang.NullPointerException
	at java.base/java.io.File.<init>(File.java:278)
	at com.example.repository.MainRepository.findAll(MainRepository.java:29)
	at com.example.repository.MainRepository.save(MainRepository.java:50)
	at com.example.MiniProject1.service.CartServiceTest.testAddCart_UserAlreadyHasCart(CartServiceTest.java:48)
	at java.base/java.lang.reflect.Method.invoke(Method.java:580)
	at java.base/java.util.ArrayList.forEach(ArrayList.java:1597)
	at java.base/java.util.ArrayList.forEach(ArrayList.java:1597)

com.example.MiniProject1.service.CartServiceTest.testGetCarts_ContainsSpecificCart -- Time elapsed: 0 s <<< ERROR!
java.lang.NullPointerException
	at java.base/java.io.File.<init>(File.java:278)
	at com.example.repository.MainRepository.findAll(MainRepository.java:29)
	at com.example.repository.CartRepository.getCartByUserId(CartRepository.java:54)
	at com.example.service.CartService.addCart(CartService.java:25)
	at com.example.MiniProject1.service.CartServiceTest.testGetCarts_ContainsSpecificCart(CartServiceTest.java:110)
	at java.base/java.lang.reflect.Method.invoke(Method.java:580)
	at java.base/java.util.ArrayList.forEach(ArrayList.java:1597)
	at java.base/java.util.ArrayList.forEach(ArrayList.java:1597)

