<?xml version="1.0" encoding="UTF-8"?>
<testsuite xmlns:xsi="http://www.w3.org/2001/XMLSchema-instance" xsi:noNamespaceSchemaLocation="https://maven.apache.org/surefire/maven-surefire-plugin/xsd/surefire-test-report.xsd" version="3.0.2" name="com.example.MiniProject1.service.CartServiceTest" time="0.017" tests="12" errors="8" skipped="0" failures="4">
  <properties>
[...]
</properties>
  <testcase name="testAddCart_StoredCorrectly" classname="com.example.MiniProject1.service.CartServiceTest" time="0.001">
    <error type="java.lang.NullPointerException"><![CDATA[java.lang.NullPointerException
	at java.base/java.io.File.<init>(File.java:278)
	at com.example.repository.MainRepository.findAll(MainRepository.java:29)
	at com.example.repository.CartRepository.getCartByUserId(CartRepository.java:54)
	at com.example.service.CartService.addCart(CartService.java:25)
	at com.example.MiniProject1.service.CartServiceTest.testAddCart_StoredCorrectly(CartServiceTest.java:66)
	at java.base/java.lang.reflect.Method.invoke(Method.java:580)
	at java.base/java.util.ArrayList.forEach(ArrayList.java:1597)
	at java.base/java.util.ArrayList.forEach(ArrayList.java:1597)
]]></error>
  </testcase>
  <testcase name="testGetCarts_EnsuresCorrectFormat" classname="com.example.MiniProject1.service.CartServiceTest" time="0.0">
    <error type="java.lang.NullPointerException"><![CDATA[java.lang.NullPointerException
	at java.base/java.io.File.<init>(File.java:278)
	at com.example.repository.MainRepository.findAll(MainRepository.java:29)
	at com.example.service.CartService.getCarts(CartService.java:35)
	at com.example.MiniProject1.service.CartServiceTest.testGetCarts_EnsuresCorrectFormat(CartServiceTest.java:124)
	at java.base/java.lang.reflect.Method.invoke(Method.java:580)
	at java.base/java.util.ArrayList.forEach(ArrayList.java:1597)
	at java.base/java.util.ArrayList.forEach(ArrayList.java:1597)
]]></error>
  </testcase>
  <testcase name="addCart" classname="com.example.MiniProject1.service.CartServiceTest" time="0.0">
    <error type="java.lang.NullPointerException"><![CDATA[java.lang.NullPointerException
	at java.base/java.io.File.<init>(File.java:278)
	at com.example.repository.MainRepository.findAll(MainRepository.java:29)
	at com.example.repository.CartRepository.getCartByUserId(CartRepository.java:54)
	at com.example.service.CartService.addCart(CartService.java:25)
	at com.example.MiniProject1.service.CartServiceTest.addCart(CartServiceTest.java:33)
	at java.base/java.lang.reflect.Method.invoke(Method.java:580)
	at java.base/java.util.ArrayList.forEach(ArrayList.java:1597)
	at java.base/java.util.ArrayList.forEach(ArrayList.java:1597)
]]></error>
  </testcase>
  <testcase name="testGetCartById_ReturnsCorrectCart" classname="com.example.MiniProject1.service.CartServiceTest" time="0.0">
    <error type="java.lang.NullPointerException"><![CDATA[java.lang.NullPointerException
	at java.base/java.io.File.<init>(File.java:278)
	at com.example.repository.MainRepository.findAll(MainRepository.java:29)
	at com.example.repository.CartRepository.getCartByUserId(CartRepository.java:54)
	at com.example.service.CartService.addCart(CartService.java:25)
	at com.example.MiniProject1.service.CartServiceTest.testGetCartById_ReturnsCorrectCart(CartServiceTest.java:141)
	at java.base/java.lang.reflect.Method.invoke(Method.java:580)
	at java.base/java.util.ArrayList.forEach(ArrayList.java:1597)
	at java.base/java.util.ArrayList.forEach(ArrayList.java:1597)
]]></error>
  </testcase>
  <testcase name="testGetCartById_ThrowsException_WhenIdIsNull" classname="com.example.MiniProject1.service.CartServiceTest" time="0.0">
    <failure message="Unexpected exception type thrown, expected: &lt;java.lang.IllegalArgumentException&gt; but was: &lt;java.lang.NullPointerException&gt;" type="org.opentest4j.AssertionFailedError"><![CDATA[org.opentest4j.AssertionFailedError: Unexpected exception type thrown, expected: <java.lang.IllegalArgumentException> but was: <java.lang.NullPointerException>
	at org.junit.jupiter.api.AssertionFailureBuilder.build(AssertionFailureBuilder.java:151)
	at org.junit.jupiter.api.AssertThrows.assertThrows(AssertThrows.java:67)
	at org.junit.jupiter.api.AssertThrows.assertThrows(AssertThrows.java:35)
	at org.junit.jupiter.api.Assertions.assertThrows(Assertions.java:3128)
	at com.example.MiniProject1.service.CartServiceTest.testGetCartById_ThrowsException_WhenIdIsNull(CartServiceTest.java:167)
	at java.base/java.lang.reflect.Method.invoke(Method.java:580)
	at java.base/java.util.ArrayList.forEach(ArrayList.java:1597)
	at java.base/java.util.ArrayList.forEach(ArrayList.java:1597)
Caused by: java.lang.NullPointerException
	at java.base/java.io.File.<init>(File.java:278)
	at com.example.repository.MainRepository.findAll(MainRepository.java:29)
	at com.example.repository.CartRepository.getCartById(CartRepository.java:45)
	at com.example.service.CartService.getCartById(CartService.java:39)
	at com.example.MiniProject1.service.CartServiceTest.lambda$testGetCartById_ThrowsException_WhenIdIsNull$7(CartServiceTest.java:168)
	at org.junit.jupiter.api.AssertThrows.assertThrows(AssertThrows.java:53)
	... 6 more
]]></failure>
    <system-out><![CDATA[Searching for Cart ID: null
]]></system-out>
  </testcase>
  <testcase name="testGetCartByUserId_ReturnsCorrectCart" classname="com.example.MiniProject1.service.CartServiceTest" time="0.0">
    <error type="java.lang.NullPointerException"><![CDATA[java.lang.NullPointerException
	at java.base/java.io.File.<init>(File.java:278)
	at com.example.repository.MainRepository.findAll(MainRepository.java:29)
	at com.example.repository.CartRepository.getCartByUserId(CartRepository.java:54)
	at com.example.service.CartService.addCart(CartService.java:25)
	at com.example.MiniProject1.service.CartServiceTest.testGetCartByUserId_ReturnsCorrectCart(CartServiceTest.java:179)
	at java.base/java.lang.reflect.Method.invoke(Method.java:580)
	at java.base/java.util.ArrayList.forEach(ArrayList.java:1597)
	at java.base/java.util.ArrayList.forEach(ArrayList.java:1597)
]]></error>
  </testcase>
  <testcase name="testGetCarts_ReturnsAllCarts" classname="com.example.MiniProject1.service.CartServiceTest" time="0.0">
    <error type="java.lang.NullPointerException"><![CDATA[java.lang.NullPointerException
	at java.base/java.io.File.<init>(File.java:278)
	at com.example.repository.MainRepository.findAll(MainRepository.java:29)
	at com.example.repository.CartRepository.getCartByUserId(CartRepository.java:54)
	at com.example.service.CartService.addCart(CartService.java:25)
	at com.example.MiniProject1.service.CartServiceTest.testGetCarts_ReturnsAllCarts(CartServiceTest.java:86)
	at java.base/java.lang.reflect.Method.invoke(Method.java:580)
	at java.base/java.util.ArrayList.forEach(ArrayList.java:1597)
	at java.base/java.util.ArrayList.forEach(ArrayList.java:1597)
]]></error>
  </testcase>
  <testcase name="testGetCartById_ThrowsException_WhenCartNotFound" classname="com.example.MiniProject1.service.CartServiceTest" time="0.0">
    <failure message="Unexpected exception type thrown, expected: &lt;java.lang.IllegalArgumentException&gt; but was: &lt;java.lang.NullPointerException&gt;" type="org.opentest4j.AssertionFailedError"><![CDATA[org.opentest4j.AssertionFailedError: Unexpected exception type thrown, expected: <java.lang.IllegalArgumentException> but was: <java.lang.NullPointerException>
	at org.junit.jupiter.api.AssertionFailureBuilder.build(AssertionFailureBuilder.java:151)
	at org.junit.jupiter.api.AssertThrows.assertThrows(AssertThrows.java:67)
	at org.junit.jupiter.api.AssertThrows.assertThrows(AssertThrows.java:35)
	at org.junit.jupiter.api.Assertions.assertThrows(Assertions.java:3128)
	at com.example.MiniProject1.service.CartServiceTest.testGetCartById_ThrowsException_WhenCartNotFound(CartServiceTest.java:157)
	at java.base/java.lang.reflect.Method.invoke(Method.java:580)
	at java.base/java.util.ArrayList.forEach(ArrayList.java:1597)
	at java.base/java.util.ArrayList.forEach(ArrayList.java:1597)
Caused by: java.lang.NullPointerException
	at java.base/java.io.File.<init>(File.java:278)
	at com.example.repository.MainRepository.findAll(MainRepository.java:29)
	at com.example.repository.CartRepository.getCartById(CartRepository.java:45)
	at com.example.service.CartService.getCartById(CartService.java:39)
	at com.example.MiniProject1.service.CartServiceTest.lambda$testGetCartById_ThrowsException_WhenCartNotFound$6(CartServiceTest.java:158)
	at org.junit.jupiter.api.AssertThrows.assertThrows(AssertThrows.java:53)
	... 6 more
]]></failure>
    <system-out><![CDATA[Searching for Cart ID: 9dfa9a7f-89a8-4777-92b4-3bfc099fbbe9
]]></system-out>
  </testcase>
  <testcase name="testGetCartByUserId_ThrowsException_WhenUserIdIsNull" classname="com.example.MiniProject1.service.CartServiceTest" time="0.005">
    <failure message="Unexpected exception type thrown, expected: &lt;java.lang.IllegalArgumentException&gt; but was: &lt;java.lang.NullPointerException&gt;" type="org.opentest4j.AssertionFailedError"><![CDATA[org.opentest4j.AssertionFailedError: Unexpected exception type thrown, expected: <java.lang.IllegalArgumentException> but was: <java.lang.NullPointerException>
	at org.junit.jupiter.api.AssertionFailureBuilder.build(AssertionFailureBuilder.java:151)
	at org.junit.jupiter.api.AssertThrows.assertThrows(AssertThrows.java:67)
	at org.junit.jupiter.api.AssertThrows.assertThrows(AssertThrows.java:35)
	at org.junit.jupiter.api.Assertions.assertThrows(Assertions.java:3128)
	at com.example.MiniProject1.service.CartServiceTest.testGetCartByUserId_ThrowsException_WhenUserIdIsNull(CartServiceTest.java:206)
	at java.base/java.lang.reflect.Method.invoke(Method.java:580)
	at java.base/java.util.ArrayList.forEach(ArrayList.java:1597)
	at java.base/java.util.ArrayList.forEach(ArrayList.java:1597)
Caused by: java.lang.NullPointerException
	at java.base/java.io.File.<init>(File.java:278)
	at com.example.repository.MainRepository.findAll(MainRepository.java:29)
	at com.example.repository.CartRepository.getCartByUserId(CartRepository.java:54)
	at com.example.service.CartService.getCartByUserId(CartService.java:49)
	at com.example.MiniProject1.service.CartServiceTest.lambda$testGetCartByUserId_ThrowsException_WhenUserIdIsNull$9(CartServiceTest.java:207)
	at org.junit.jupiter.api.AssertThrows.assertThrows(AssertThrows.java:53)
	... 6 more
]]></failure>
  </testcase>
  <testcase name="testGetCartByUserId_ThrowsException_WhenCartNotFound" classname="com.example.MiniProject1.service.CartServiceTest" time="0.0">
    <failure message="Unexpected exception type thrown, expected: &lt;java.lang.IllegalArgumentException&gt; but was: &lt;java.lang.NullPointerException&gt;" type="org.opentest4j.AssertionFailedError"><![CDATA[org.opentest4j.AssertionFailedError: Unexpected exception type thrown, expected: <java.lang.IllegalArgumentException> but was: <java.lang.NullPointerException>
	at org.junit.jupiter.api.AssertionFailureBuilder.build(AssertionFailureBuilder.java:151)
	at org.junit.jupiter.api.AssertThrows.assertThrows(AssertThrows.java:67)
	at org.junit.jupiter.api.AssertThrows.assertThrows(AssertThrows.java:35)
	at org.junit.jupiter.api.Assertions.assertThrows(Assertions.java:3128)
	at com.example.MiniProject1.service.CartServiceTest.testGetCartByUserId_ThrowsException_WhenCartNotFound(CartServiceTest.java:196)
	at java.base/java.lang.reflect.Method.invoke(Method.java:580)
	at java.base/java.util.ArrayList.forEach(ArrayList.java:1597)
	at java.base/java.util.ArrayList.forEach(ArrayList.java:1597)
Caused by: java.lang.NullPointerException
	at java.base/java.io.File.<init>(File.java:278)
	at com.example.repository.MainRepository.findAll(MainRepository.java:29)
	at com.example.repository.CartRepository.getCartByUserId(CartRepository.java:54)
	at com.example.service.CartService.getCartByUserId(CartService.java:49)
	at com.example.MiniProject1.service.CartServiceTest.lambda$testGetCartByUserId_ThrowsException_WhenCartNotFound$8(CartServiceTest.java:197)
	at org.junit.jupiter.api.AssertThrows.assertThrows(AssertThrows.java:53)
	... 6 more
]]></failure>
  </testcase>
  <testcase name="testAddCart_UserAlreadyHasCart" classname="com.example.MiniProject1.service.CartServiceTest" time="0.0">
    <error type="java.lang.NullPointerException"><![CDATA[java.lang.NullPointerException
	at java.base/java.io.File.<init>(File.java:278)
	at com.example.repository.MainRepository.findAll(MainRepository.java:29)
	at com.example.repository.MainRepository.save(MainRepository.java:50)
	at com.example.MiniProject1.service.CartServiceTest.testAddCart_UserAlreadyHasCart(CartServiceTest.java:48)
	at java.base/java.lang.reflect.Method.invoke(Method.java:580)
	at java.base/java.util.ArrayList.forEach(ArrayList.java:1597)
	at java.base/java.util.ArrayList.forEach(ArrayList.java:1597)
]]></error>
  </testcase>
  <testcase name="testGetCarts_ContainsSpecificCart" classname="com.example.MiniProject1.service.CartServiceTest" time="0.0">
    <error type="java.lang.NullPointerException"><![CDATA[java.lang.NullPointerException
	at java.base/java.io.File.<init>(File.java:278)
	at com.example.repository.MainRepository.findAll(MainRepository.java:29)
	at com.example.repository.CartRepository.getCartByUserId(CartRepository.java:54)
	at com.example.service.CartService.addCart(CartService.java:25)
	at com.example.MiniProject1.service.CartServiceTest.testGetCarts_ContainsSpecificCart(CartServiceTest.java:110)
	at java.base/java.lang.reflect.Method.invoke(Method.java:580)
	at java.base/java.util.ArrayList.forEach(ArrayList.java:1597)
	at java.base/java.util.ArrayList.forEach(ArrayList.java:1597)
]]></error>
  </testcase>
</testsuite>