<?xml version="1.0" encoding="UTF-8"?>
<testsuite xmlns:xsi="http://www.w3.org/2001/XMLSchema-instance" xsi:noNamespaceSchemaLocation="https://maven.apache.org/surefire/maven-surefire-plugin/xsd/surefire-test-report.xsd" version="3.0.2" name="com.example.MiniProject1.MiniProject1ApplicationTests" time="3.252" tests="27" errors="7" skipped="0" failures="11">
  <properties>
[...]
</properties>
  <testcase name="testGetUsersEndPoint" classname="com.example.MiniProject1.MiniProject1ApplicationTests" time="0.832">
    <system-out><![CDATA[04:16:43.913 [main] INFO org.springframework.test.context.support.AnnotationConfigContextLoaderUtils -- Could not detect default configuration classes for test class [com.example.MiniProject1.MiniProject1ApplicationTests]: MiniProject1ApplicationTests does not declare any static, non-private, non-final, nested classes annotated with @Configuration.
04:16:44.045 [main] INFO org.springframework.boot.test.context.SpringBootTestContextBootstrapper -- Found @SpringBootConfiguration com.example.MiniProject1.MiniProject1Application for test class com.example.MiniProject1.MiniProject1ApplicationTests
04:16:44.144 [main] INFO org.springframework.boot.devtools.restart.RestartApplicationListener -- Restart disabled due to context in which it is running

  .   ____          _            __ _ _
 /\\ / ___'_ __ _ _(_)_ __  __ _ \ \ \ \
( ( )\___ | '_ | '_| | '_ \/ _` | \ \ \ \
 \\/  ___)| |_)| | | | | || (_| |  ) ) ) )
  '  |____| .__|_| |_|_| |_\__, | / / / /
 =========|_|==============|___/=/_/_/_/

 :: Spring Boot ::                (v3.4.2)

2025-03-02T04:16:44.483+02:00  INFO 17124 --- [MiniProject1] [           main] c.e.M.MiniProject1ApplicationTests       : Starting MiniProject1ApplicationTests using Java 23.0.2 with PID 17124 (started by zeyad in C:\Users\zeyad\OneDrive\Desktop\40_CTRL-Z\Mini-Project1-Base-main)
2025-03-02T04:16:44.483+02:00  INFO 17124 --- [MiniProject1] [           main] c.e.M.MiniProject1ApplicationTests       : No active profile set, falling back to 1 default profile: "default"
2025-03-02T04:16:45.708+02:00  INFO 17124 --- [MiniProject1] [           main] o.s.b.t.m.w.SpringBootMockServletContext : Initializing Spring TestDispatcherServlet ''
2025-03-02T04:16:45.708+02:00  INFO 17124 --- [MiniProject1] [           main] o.s.t.web.servlet.TestDispatcherServlet  : Initializing Servlet ''
2025-03-02T04:16:45.718+02:00  INFO 17124 --- [MiniProject1] [           main] o.s.t.web.servlet.TestDispatcherServlet  : Completed initialization in 0 ms
2025-03-02T04:16:45.749+02:00  INFO 17124 --- [MiniProject1] [           main] c.e.M.MiniProject1ApplicationTests       : Started MiniProject1ApplicationTests in 1.631 seconds (process running for 2.563)
]]></system-out>
    <system-err><![CDATA[Mockito is currently self-attaching to enable the inline-mock-maker. This will no longer work in future releases of the JDK. Please add Mockito as an agent to your build what is described in Mockito's documentation: https://javadoc.io/doc/org.mockito/mockito-core/latest/org/mockito/Mockito.html#0.3
WARNING: A Java agent has been loaded dynamically (C:\Users\zeyad\.m2\repository\net\bytebuddy\byte-buddy-agent\1.15.11\byte-buddy-agent-1.15.11.jar)
WARNING: If a serviceability tool is in use, please run with -XX:+EnableDynamicAgentLoading to hide this warning
WARNING: If a serviceability tool is not in use, please run with -Djdk.instrument.traceUsage for more information
WARNING: Dynamic loading of agents will be disallowed by default in a future release
]]></system-err>
  </testcase>
  <testcase name="testGetCartByIdEndPoint" classname="com.example.MiniProject1.MiniProject1ApplicationTests" time="0.041">
    <error message="Request processing failed: java.lang.IllegalArgumentException: Cart not found " type="jakarta.servlet.ServletException"><![CDATA[jakarta.servlet.ServletException: Request processing failed: java.lang.IllegalArgumentException: Cart not found 
	at org.springframework.web.servlet.FrameworkServlet.processRequest(FrameworkServlet.java:1022)
	at org.springframework.web.servlet.FrameworkServlet.doGet(FrameworkServlet.java:903)
	at jakarta.servlet.http.HttpServlet.service(HttpServlet.java:564)
	at org.springframework.web.servlet.FrameworkServlet.service(FrameworkServlet.java:885)
	at org.springframework.test.web.servlet.TestDispatcherServlet.service(TestDispatcherServlet.java:72)
	at jakarta.servlet.http.HttpServlet.service(HttpServlet.java:658)
	at org.springframework.mock.web.MockFilterChain$ServletFilterProxy.doFilter(MockFilterChain.java:165)
	at org.springframework.mock.web.MockFilterChain.doFilter(MockFilterChain.java:132)
	at org.springframework.web.filter.RequestContextFilter.doFilterInternal(RequestContextFilter.java:100)
	at org.springframework.web.filter.OncePerRequestFilter.doFilter(OncePerRequestFilter.java:116)
	at org.springframework.test.web.servlet.setup.MockMvcFilterDecorator.doFilter(MockMvcFilterDecorator.java:162)
	at org.springframework.mock.web.MockFilterChain.doFilter(MockFilterChain.java:132)
	at org.springframework.web.filter.FormContentFilter.doFilterInternal(FormContentFilter.java:93)
	at org.springframework.web.filter.OncePerRequestFilter.doFilter(OncePerRequestFilter.java:116)
	at org.springframework.test.web.servlet.setup.MockMvcFilterDecorator.doFilter(MockMvcFilterDecorator.java:162)
	at org.springframework.mock.web.MockFilterChain.doFilter(MockFilterChain.java:132)
	at org.springframework.web.filter.CharacterEncodingFilter.doFilterInternal(CharacterEncodingFilter.java:201)
	at org.springframework.web.filter.OncePerRequestFilter.doFilter(OncePerRequestFilter.java:116)
	at org.springframework.test.web.servlet.setup.MockMvcFilterDecorator.doFilter(MockMvcFilterDecorator.java:162)
	at org.springframework.mock.web.MockFilterChain.doFilter(MockFilterChain.java:132)
	at org.springframework.test.web.servlet.MockMvc.perform(MockMvc.java:201)
	at com.example.MiniProject1.MiniProject1ApplicationTests.testGetCartByIdEndPoint(MiniProject1ApplicationTests.java:650)
	at java.base/java.lang.reflect.Method.invoke(Method.java:580)
	at java.base/java.util.ArrayList.forEach(ArrayList.java:1597)
	at java.base/java.util.ArrayList.forEach(ArrayList.java:1597)
Caused by: java.lang.IllegalArgumentException: Cart not found 
	at com.example.service.CartService.getCartById(CartService.java:42)
	at com.example.controller.CartController.getCartById(CartController.java:35)
	at java.base/jdk.internal.reflect.DirectMethodHandleAccessor.invoke(DirectMethodHandleAccessor.java:103)
	at java.base/java.lang.reflect.Method.invoke(Method.java:580)
	at org.springframework.web.method.support.InvocableHandlerMethod.doInvoke(InvocableHandlerMethod.java:257)
	at org.springframework.web.method.support.InvocableHandlerMethod.invokeForRequest(InvocableHandlerMethod.java:190)
	at org.springframework.web.servlet.mvc.method.annotation.ServletInvocableHandlerMethod.invokeAndHandle(ServletInvocableHandlerMethod.java:118)
	at org.springframework.web.servlet.mvc.method.annotation.RequestMappingHandlerAdapter.invokeHandlerMethod(RequestMappingHandlerAdapter.java:986)
	at org.springframework.web.servlet.mvc.method.annotation.RequestMappingHandlerAdapter.handleInternal(RequestMappingHandlerAdapter.java:891)
	at org.springframework.web.servlet.mvc.method.AbstractHandlerMethodAdapter.handle(AbstractHandlerMethodAdapter.java:87)
	at org.springframework.web.servlet.DispatcherServlet.doDispatch(DispatcherServlet.java:1088)
	at org.springframework.web.servlet.DispatcherServlet.doService(DispatcherServlet.java:978)
	at org.springframework.web.servlet.FrameworkServlet.processRequest(FrameworkServlet.java:1014)
	... 24 more
]]></error>
    <system-out><![CDATA[Searching for Cart ID: 57d54e09-96ff-4a6e-9cfd-27091ce5d8d6
]]></system-out>
  </testcase>
  <testcase name="testEmptyCartEndpoint" classname="com.example.MiniProject1.MiniProject1ApplicationTests" time="0.014">
    <error message="Request processing failed: java.lang.IllegalArgumentException: Cart not found " type="jakarta.servlet.ServletException"><![CDATA[jakarta.servlet.ServletException: Request processing failed: java.lang.IllegalArgumentException: Cart not found 
	at org.springframework.web.servlet.FrameworkServlet.processRequest(FrameworkServlet.java:1022)
	at org.springframework.web.servlet.FrameworkServlet.doDelete(FrameworkServlet.java:936)
	at jakarta.servlet.http.HttpServlet.service(HttpServlet.java:596)
	at org.springframework.web.servlet.FrameworkServlet.service(FrameworkServlet.java:885)
	at org.springframework.test.web.servlet.TestDispatcherServlet.service(TestDispatcherServlet.java:72)
	at jakarta.servlet.http.HttpServlet.service(HttpServlet.java:658)
	at org.springframework.mock.web.MockFilterChain$ServletFilterProxy.doFilter(MockFilterChain.java:165)
	at org.springframework.mock.web.MockFilterChain.doFilter(MockFilterChain.java:132)
	at org.springframework.web.filter.RequestContextFilter.doFilterInternal(RequestContextFilter.java:100)
	at org.springframework.web.filter.OncePerRequestFilter.doFilter(OncePerRequestFilter.java:116)
	at org.springframework.test.web.servlet.setup.MockMvcFilterDecorator.doFilter(MockMvcFilterDecorator.java:162)
	at org.springframework.mock.web.MockFilterChain.doFilter(MockFilterChain.java:132)
	at org.springframework.web.filter.FormContentFilter.doFilterInternal(FormContentFilter.java:93)
	at org.springframework.web.filter.OncePerRequestFilter.doFilter(OncePerRequestFilter.java:116)
	at org.springframework.test.web.servlet.setup.MockMvcFilterDecorator.doFilter(MockMvcFilterDecorator.java:162)
	at org.springframework.mock.web.MockFilterChain.doFilter(MockFilterChain.java:132)
	at org.springframework.web.filter.CharacterEncodingFilter.doFilterInternal(CharacterEncodingFilter.java:201)
	at org.springframework.web.filter.OncePerRequestFilter.doFilter(OncePerRequestFilter.java:116)
	at org.springframework.test.web.servlet.setup.MockMvcFilterDecorator.doFilter(MockMvcFilterDecorator.java:162)
	at org.springframework.mock.web.MockFilterChain.doFilter(MockFilterChain.java:132)
	at org.springframework.test.web.servlet.MockMvc.perform(MockMvc.java:201)
	at com.example.MiniProject1.MiniProject1ApplicationTests.testEmptyCartEndpoint(MiniProject1ApplicationTests.java:389)
	at java.base/java.lang.reflect.Method.invoke(Method.java:580)
	at java.base/java.util.ArrayList.forEach(ArrayList.java:1597)
	at java.base/java.util.ArrayList.forEach(ArrayList.java:1597)
Caused by: java.lang.IllegalArgumentException: Cart not found 
	at com.example.service.CartService.getCartByUserId(CartService.java:52)
	at com.example.service.CartService.emptyCart(CartService.java:59)
	at com.example.service.UserService.emptyCart(UserService.java:82)
	at com.example.controller.UserController.emptyCart(UserController.java:73)
	at java.base/jdk.internal.reflect.DirectMethodHandleAccessor.invoke(DirectMethodHandleAccessor.java:103)
	at java.base/java.lang.reflect.Method.invoke(Method.java:580)
	at org.springframework.web.method.support.InvocableHandlerMethod.doInvoke(InvocableHandlerMethod.java:257)
	at org.springframework.web.method.support.InvocableHandlerMethod.invokeForRequest(InvocableHandlerMethod.java:190)
	at org.springframework.web.servlet.mvc.method.annotation.ServletInvocableHandlerMethod.invokeAndHandle(ServletInvocableHandlerMethod.java:118)
	at org.springframework.web.servlet.mvc.method.annotation.RequestMappingHandlerAdapter.invokeHandlerMethod(RequestMappingHandlerAdapter.java:986)
	at org.springframework.web.servlet.mvc.method.annotation.RequestMappingHandlerAdapter.handleInternal(RequestMappingHandlerAdapter.java:891)
	at org.springframework.web.servlet.mvc.method.AbstractHandlerMethodAdapter.handle(AbstractHandlerMethodAdapter.java:87)
	at org.springframework.web.servlet.DispatcherServlet.doDispatch(DispatcherServlet.java:1088)
	at org.springframework.web.servlet.DispatcherServlet.doService(DispatcherServlet.java:978)
	at org.springframework.web.servlet.FrameworkServlet.processRequest(FrameworkServlet.java:1014)
	... 24 more
]]></error>
  </testcase>
  <testcase name="testAddOrderEndPoint" classname="com.example.MiniProject1.MiniProject1ApplicationTests" time="0.016">
    <failure message="Status expected:&lt;200&gt; but was:&lt;404&gt;" type="java.lang.AssertionError"><![CDATA[java.lang.AssertionError: Status expected:<200> but was:<404>
	at org.springframework.test.util.AssertionErrors.fail(AssertionErrors.java:61)
	at org.springframework.test.util.AssertionErrors.assertEquals(AssertionErrors.java:128)
	at org.springframework.test.web.servlet.result.StatusResultMatchers.lambda$matcher$9(StatusResultMatchers.java:640)
	at org.springframework.test.web.servlet.MockMvc$1.andExpect(MockMvc.java:214)
	at com.example.MiniProject1.MiniProject1ApplicationTests.testAddOrderEndPoint(MiniProject1ApplicationTests.java:681)
	at java.base/java.lang.reflect.Method.invoke(Method.java:580)
	at java.base/java.util.ArrayList.forEach(ArrayList.java:1597)
	at java.base/java.util.ArrayList.forEach(ArrayList.java:1597)
]]></failure>
    <system-out><![CDATA[
MockHttpServletRequest:
      HTTP Method = POST
      Request URI = /order/
       Parameters = {}
          Headers = [Content-Type:"application/json;charset=UTF-8", Content-Length:"125"]
             Body = {"id":"d2daaaa7-7892-475d-9107-2f9c52adaa26","userId":"99504323-0696-4932-81b4-15ce05736c70","totalPrice":10.0,"products":[]}
    Session Attrs = {}

Handler:
             Type = org.springframework.web.servlet.resource.ResourceHttpRequestHandler

Async:
    Async started = false
     Async result = null

Resolved Exception:
             Type = org.springframework.web.servlet.resource.NoResourceFoundException

ModelAndView:
        View name = null
             View = null
            Model = null

FlashMap:
       Attributes = null

MockHttpServletResponse:
           Status = 404
    Error message = No static resource order.
          Headers = [Vary:"Origin", "Access-Control-Request-Method", "Access-Control-Request-Headers"]
     Content type = null
             Body = 
    Forwarded URL = null
   Redirected URL = null
          Cookies = []
]]></system-out>
  </testcase>
  <testcase name="testApplyDiscountEndPoint" classname="com.example.MiniProject1.MiniProject1ApplicationTests" time="0.035">
    <failure message="Response content expected:&lt;Discount applied successfully&gt; but was:&lt;Discount applied successfully!&gt;" type="java.lang.AssertionError"><![CDATA[java.lang.AssertionError: Response content expected:<Discount applied successfully> but was:<Discount applied successfully!>
	at org.springframework.test.util.AssertionErrors.fail(AssertionErrors.java:61)
	at org.springframework.test.util.AssertionErrors.assertEquals(AssertionErrors.java:128)
	at org.springframework.test.web.servlet.result.ContentResultMatchers.lambda$string$4(ContentResultMatchers.java:148)
	at org.springframework.test.web.servlet.MockMvc$1.andExpect(MockMvc.java:214)
	at com.example.MiniProject1.MiniProject1ApplicationTests.testApplyDiscountEndPoint(MiniProject1ApplicationTests.java:581)
	at java.base/java.lang.reflect.Method.invoke(Method.java:580)
	at java.base/java.util.ArrayList.forEach(ArrayList.java:1597)
	at java.base/java.util.ArrayList.forEach(ArrayList.java:1597)
]]></failure>
    <system-out><![CDATA[
MockHttpServletRequest:
      HTTP Method = PUT
      Request URI = /product/applyDiscount
       Parameters = {discount=[10.0]}
          Headers = [Content-Type:"application/json;charset=UTF-8", Content-Length:"40"]
             Body = ["2f29648d-a6c6-4dab-8b4f-cb5cc6be3c1c"]
    Session Attrs = {}

Handler:
             Type = com.example.controller.ProductController
           Method = com.example.controller.ProductController#applyDiscount(double, ArrayList)

Async:
    Async started = false
     Async result = null

Resolved Exception:
             Type = null

ModelAndView:
        View name = null
             View = null
            Model = null

FlashMap:
       Attributes = null

MockHttpServletResponse:
           Status = 200
    Error message = null
          Headers = [Content-Type:"text/plain;charset=UTF-8", Content-Length:"30"]
     Content type = text/plain;charset=UTF-8
             Body = Discount applied successfully!
    Forwarded URL = null
   Redirected URL = null
          Cookies = []
]]></system-out>
  </testcase>
  <testcase name="testDeleteOrderByIdEndPoint" classname="com.example.MiniProject1.MiniProject1ApplicationTests" time="0.015">
    <failure message="Status expected:&lt;200&gt; but was:&lt;404&gt;" type="java.lang.AssertionError"><![CDATA[java.lang.AssertionError: Status expected:<200> but was:<404>
	at org.springframework.test.util.AssertionErrors.fail(AssertionErrors.java:61)
	at org.springframework.test.util.AssertionErrors.assertEquals(AssertionErrors.java:128)
	at org.springframework.test.web.servlet.result.StatusResultMatchers.lambda$matcher$9(StatusResultMatchers.java:640)
	at org.springframework.test.web.servlet.MockMvc$1.andExpect(MockMvc.java:214)
	at com.example.MiniProject1.MiniProject1ApplicationTests.testDeleteOrderByIdEndPoint(MiniProject1ApplicationTests.java:735)
	at java.base/java.lang.reflect.Method.invoke(Method.java:580)
	at java.base/java.util.ArrayList.forEach(ArrayList.java:1597)
	at java.base/java.util.ArrayList.forEach(ArrayList.java:1597)
]]></failure>
    <system-out><![CDATA[
MockHttpServletRequest:
      HTTP Method = DELETE
      Request URI = /order/delete/315e47fa-0aa7-4c30-8c4c-8f7c6441198a
       Parameters = {}
          Headers = []
             Body = null
    Session Attrs = {}

Handler:
             Type = org.springframework.web.servlet.resource.ResourceHttpRequestHandler

Async:
    Async started = false
     Async result = null

Resolved Exception:
             Type = org.springframework.web.servlet.resource.NoResourceFoundException

ModelAndView:
        View name = null
             View = null
            Model = null

FlashMap:
       Attributes = null

MockHttpServletResponse:
           Status = 404
    Error message = No static resource order/delete/315e47fa-0aa7-4c30-8c4c-8f7c6441198a.
          Headers = [Vary:"Origin", "Access-Control-Request-Method", "Access-Control-Request-Headers"]
     Content type = null
             Body = 
    Forwarded URL = null
   Redirected URL = null
          Cookies = []
]]></system-out>
  </testcase>
  <testcase name="testGetOrdersByUserIdEndPoint" classname="com.example.MiniProject1.MiniProject1ApplicationTests" time="0.025"/>
  <testcase name="testDeleteProductByIdEndPoint1" classname="com.example.MiniProject1.MiniProject1ApplicationTests" time="0.0">
    <failure message="Response content expected:&lt;Product deleted successfully&gt; but was:&lt;Product deleted successfully!&gt;" type="java.lang.AssertionError"><![CDATA[java.lang.AssertionError: Response content expected:<Product deleted successfully> but was:<Product deleted successfully!>
	at org.springframework.test.util.AssertionErrors.fail(AssertionErrors.java:61)
	at org.springframework.test.util.AssertionErrors.assertEquals(AssertionErrors.java:128)
	at org.springframework.test.web.servlet.result.ContentResultMatchers.lambda$string$4(ContentResultMatchers.java:148)
	at org.springframework.test.web.servlet.MockMvc$1.andExpect(MockMvc.java:214)
	at com.example.MiniProject1.MiniProject1ApplicationTests.testDeleteProductByIdEndPoint1(MiniProject1ApplicationTests.java:595)
	at java.base/java.lang.reflect.Method.invoke(Method.java:580)
	at java.base/java.util.ArrayList.forEach(ArrayList.java:1597)
	at java.base/java.util.ArrayList.forEach(ArrayList.java:1597)
]]></failure>
    <system-out><![CDATA[
MockHttpServletRequest:
      HTTP Method = DELETE
      Request URI = /product/delete/ada45dea-d1a9-4172-a10a-dc910d580b79
       Parameters = {}
          Headers = []
             Body = null
    Session Attrs = {}

Handler:
             Type = com.example.controller.ProductController
           Method = com.example.controller.ProductController#deleteProductById(UUID)

Async:
    Async started = false
     Async result = null

Resolved Exception:
             Type = null

ModelAndView:
        View name = null
             View = null
            Model = null

FlashMap:
       Attributes = null

MockHttpServletResponse:
           Status = 200
    Error message = null
          Headers = [Content-Type:"text/plain;charset=UTF-8", Content-Length:"29"]
     Content type = text/plain;charset=UTF-8
             Body = Product deleted successfully!
    Forwarded URL = null
   Redirected URL = null
          Cookies = []
]]></system-out>
  </testcase>
  <testcase name="testAddUserEndPoint" classname="com.example.MiniProject1.MiniProject1ApplicationTests" time="0.009"/>
  <testcase name="testGetCartsEndPoint" classname="com.example.MiniProject1.MiniProject1ApplicationTests" time="0.024">
    <failure message="Carts should be returned correctly From Endpoint ==&gt; expected: &lt;1&gt; but was: &lt;138&gt;" type="org.opentest4j.AssertionFailedError"><![CDATA[org.opentest4j.AssertionFailedError: Carts should be returned correctly From Endpoint ==> expected: <1> but was: <138>
	at org.junit.jupiter.api.AssertionFailureBuilder.build(AssertionFailureBuilder.java:151)
	at org.junit.jupiter.api.AssertionFailureBuilder.buildAndThrow(AssertionFailureBuilder.java:132)
	at org.junit.jupiter.api.AssertEquals.failNotEqual(AssertEquals.java:197)
	at org.junit.jupiter.api.AssertEquals.assertEquals(AssertEquals.java:150)
	at org.junit.jupiter.api.Assertions.assertEquals(Assertions.java:563)
	at com.example.MiniProject1.MiniProject1ApplicationTests.testGetCartsEndPoint(MiniProject1ApplicationTests.java:640)
	at java.base/java.lang.reflect.Method.invoke(Method.java:580)
	at java.base/java.util.ArrayList.forEach(ArrayList.java:1597)
	at java.base/java.util.ArrayList.forEach(ArrayList.java:1597)
]]></failure>
    <system-out><![CDATA[
MockHttpServletRequest:
      HTTP Method = GET
      Request URI = /cart/
       Parameters = {}
          Headers = [Content-Type:"application/json;charset=UTF-8"]
             Body = null
    Session Attrs = {}

Handler:
             Type = com.example.controller.CartController
           Method = com.example.controller.CartController#getCarts()

Async:
    Async started = false
     Async result = null

Resolved Exception:
             Type = null

ModelAndView:
        View name = null
             View = null
            Model = null

FlashMap:
       Attributes = null

MockHttpServletResponse:
           Status = 200
    Error message = null
          Headers = [Content-Type:"application/json"]
     Content type = application/json
             Body = [{"id":"2e4894ca-6007-4e6d-9403-a20dcddab815","userId":"eefb81fd-1958-43ed-8e35-8e7c75b7e866","products":[]},{"id":"b3ab0459-64c6-4b2c-8b9d-6ab2001c6178","userId":"6ae8f265-0b21-44aa-a0f2-2b7388e1c55f","products":[]},{"id":"aad4061c-c501-45e1-8512-2dbfe8714e82","userId":"7fa0b817-9440-45f9-a2be-ebfe437a6c1c","products":[]},{"id":"c72a2c11-6a1d-46b6-8f0d-53f58fa147fe","userId":"23a381aa-a694-4482-8285-1f3f387ec69b","products":[]},{"id":"6a9aa382-8db3-474a-a63b-199247868cf5","userId":"28e77855-f65b-4e33-80e9-79deea4df2fe","products":[]},{"id":"27be9738-3060-4e35-9571-ac60da7c166f","userId":"3c85978f-f28d-4ab1-82ab-44bee257fe02","products":[]},{"id":"fca92c91-c4dd-41a8-ba1e-072824842d2b","userId":"cd78ed43-499d-48b9-ad15-ee8571f4581e","products":[]},{"id":"a24b804c-b7b8-4728-a8d7-eb08573c00ae","userId":"eceff662-5f8f-4957-b708-cd74f08b3735","products":[]},{"id":"95bfdb4c-6206-4d21-a809-5a4f7da10e97","userId":"748c509f-bec0-48d6-bf82-61e21b4ef7eb","products":[]},{"id":"5dca5e1d-a926-4c28-a89c-7e2722985287","userId":"18ff2fbe-f193-479a-8d28-4c6472f66e13","products":[]},{"id":"a2c46b96-7c6a-47e0-a885-c311d0c98fbb","userId":"e5bdd849-412a-4db1-896a-c5d306edb076","products":[]},{"id":"a2d5e02d-c86d-4b68-a0b7-c20c92391c74","userId":"7ac87e9e-1ef2-4d15-96f8-a5906f61f22f","products":[]},{"id":"dba77541-5346-4399-ac40-21c4f2f50288","userId":"e3ba88b5-4d66-4eb0-ba56-9ab21fbf143e","products":[]},{"id":"3aa1c5c9-106b-46f2-9227-e0a8c61eb6b3","userId":"ea2483aa-150d-4073-ab66-83218086862f","products":[]},{"id":"d5abdbad-dbf1-44e4-9ece-37befa1012da","userId":"ddf70589-b2a7-4ba9-bd96-85c9868071be","products":[]},{"id":"bee4d58b-6bf3-4775-a525-a7c68b02dceb","userId":"32b2bc60-50c7-44ce-95e2-b0102adc3762","products":[]},{"id":"778c2f5d-ed78-4d08-9e34-ba9fe13fc9c8","userId":"c4383d89-c0c0-4b0a-ae90-65b93892bd33","products":[]},{"id":"7a496975-2094-4d83-92b9-cc449b74463f","userId":"3521f287-d0cd-4f25-bd40-a3ef64c91394","products":[]},{"id":"d4a83438-05f5-44c5-b823-9e1af1f7e0f1","userId":"4bf0fcdc-488d-4a6b-851e-51517679f966","products":[]},{"id":"8d979515-759b-407f-b67e-26a2cbdd14da","userId":"318e0b61-b840-4a4b-9919-bbfb2016f191","products":[]},{"id":"0963f41a-3918-4cb0-8252-03d204ced68d","userId":"80876838-d779-4c8d-8414-70769060da6e","products":[]},{"id":"38de2112-8383-4d1c-a986-4c1bf3984a80","userId":"62a78e1d-d04c-4ff3-9f7f-8d508a0ef802","products":[]},{"id":"ab2576c3-b6f7-4910-9f2a-6953285127f5","userId":"c1f54cc1-b82e-4942-9216-9c10f4cab16c","products":[]},{"id":"d267d432-70da-44bf-a56d-aba7ae0e0e3d","userId":"9255abb1-08d1-4daf-b620-d755d7224732","products":[]},{"id":"f19e105a-3bec-46aa-8d45-abf54b4a9371","userId":"edd4d9ef-93b7-4764-b0e9-3fe574d46563","products":[]},{"id":"10e5c43a-1bba-45ac-9715-9ad8289656a6","userId":"496d0f47-1aaf-406e-ae4c-41330bc00a64","products":[]},{"id":"e7530a04-540a-40c1-8b2b-795579cbf716","userId":"c87f5d1b-f05b-4e50-a430-fe785642836b","products":[]},{"id":"434bc8e2-7925-4901-97ba-0d5aa9093d50","userId":"7db8080a-a37b-4fa3-ad1a-439104e96dca","products":[]},{"id":"db8efff0-11e3-45e8-a374-844c5f4fe466","userId":"02e4b657-e939-4db9-9111-69efec438af3","products":[]},{"id":"e1d26458-e5e0-4cb8-8ff8-812d04b8e483","userId":"7d5da408-fd32-4828-ba71-1b11434823c4","products":[]},{"id":"5ae639f9-7f04-4e71-9611-d036acfc5d6c","userId":"a5bfd22b-1eb6-4b92-8595-21192797ccd9","products":[]},{"id":"ab467ff8-2073-436c-9fd5-0d2249cb4b3f","userId":"d2ac0416-2c4e-4bb1-be1c-cba2c12a382f","products":[]},{"id":"837ac7fc-5582-4180-bd4c-c7501c11e540","userId":"a8237be2-0596-4de8-8b0a-9189a288808e","products":[]},{"id":"461c52ea-9ea6-495d-8368-1dff7652f95c","userId":"4a6487dc-4d9e-4214-bc9f-a046c5fbca92","products":[]},{"id":"c7b60ffb-dc69-438f-84b7-e438c3d9674e","userId":"2bf6fd64-9a5a-4bd4-8685-48c20d8add62","products":[]},{"id":"4c1cb7b0-6771-41b0-9476-d56dd8d468c1","userId":"edc0c977-a16d-4396-92cb-24a61816b7b5","products":[]},{"id":"c1dae68b-14c6-40ef-a4aa-8e451ccc4140","userId":"58cc4506-c7f5-4af5-92b0-6ea398aab9d1","products":[]},{"id":"21f973be-a7cb-4e27-8a9f-5c990ca171f2","userId":"c09a8aec-e9ea-4ba8-b42f-0231d8e8ec3d","products":[]},{"id":"386a2bfa-25f8-4e03-9089-3718926cf848","userId":"20a3c47b-40af-47d1-a5ee-bf636366755d","products":[]},{"id":"7745ce5a-514d-4a3b-b7e3-c30e778e4077","userId":"cb5695a5-d319-4bcd-8cd1-198352393102","products":[]},{"id":"02f240e8-fbc8-4988-9e49-e473cb65916c","userId":"cebb29d3-edd1-4274-869c-925ed33e317d","products":[]},{"id":"0e2e8f07-93f3-4a86-b9bb-7f9691ef5194","userId":"55b08c35-21de-4791-bfd1-4dd6c9cf2baa","products":[]},{"id":"a31840fc-7667-468e-ba83-2231bbbd67f2","userId":"a9dbc800-425c-41e1-803b-311c4988f90e","products":[]},{"id":"21e104f9-ab3a-4a08-af7b-e50ce5eb5391","userId":"a0f1c2b7-3f55-4379-b01a-2ca810d58fcd","products":[]},{"id":"19c02665-1b18-4a66-ab6c-e2d69ebc23fa","userId":"b4737458-17ea-4c34-bd20-f1743f6d5a7d","products":[]},{"id":"817bf269-bda9-4faf-9324-1f33f351a24c","userId":"510735c1-7d7f-42e9-a3d4-5dd26604470c","products":[]},{"id":"6d73c3ef-a590-4f72-9ea6-6eeda3c44461","userId":"ecb21d12-8b04-4450-8711-c8f38193952e","products":[]},{"id":"a69264bb-7b32-42fb-a65e-b7c9626add59","userId":"db61ff77-02ca-4cd1-b6a4-50e17cec047f","products":[]},{"id":"55488e99-3da3-4c50-a573-9358a9ebc6ec","userId":"79883e54-ae3d-4141-8636-cf03b6e44886","products":[]},{"id":"03a0770e-5425-4b7a-a45c-818790bd2b19","userId":"e71c40b9-bf57-4e82-b6e4-381ab17c8a2e","products":[]},{"id":"4d8b30b5-f296-42ed-9dcf-f410b065ced3","userId":"217d0eac-dbc9-4031-a15d-de6e01379b64","products":[]},{"id":"d062d5a1-fa14-4759-a9c0-1fb41dcab5fc","userId":"b86b938a-02ac-4534-a8ce-dbebb327a079","products":[]},{"id":"722d183a-e66c-4108-9976-2ba3ed0b6135","userId":"051045ae-b59a-4ad0-92c4-06823814c138","products":[]},{"id":"f5ce9b7d-08b2-4e42-ae66-25bd1b8a08b2","userId":"152eef3b-ec9f-4db0-874c-d0b856f45a77","products":[]},{"id":"957728a9-b038-4fdc-a19b-12b55d392d10","userId":"ebd63155-d084-4a67-86e7-4e83531a4d67","products":[]},{"id":"ed65a0a8-4a68-4ceb-9cb9-267c086216cf","userId":"f6040846-bf7c-4c1d-9c4c-70bdd92bf0e9","products":[]},{"id":"54c81aa1-caba-4729-8ae4-725919600986","userId":"f3626fe6-06aa-4961-933d-4cf1bc6d9d5c","products":[]},{"id":"c81145d0-8e26-4f9b-8812-e7014aba6b00","userId":"0cd98aed-764e-413b-a8d6-22e473a9c0a6","products":[]},{"id":"ea5276d4-fedd-46ee-9678-ce8d772eaa4a","userId":"ae66fab4-e340-4694-a660-246f093457fc","products":[]},{"id":"0e5555e1-2e2b-4db8-9aae-07154116f6d1","userId":"9ab38374-32ee-41e9-b498-b425f0dd3340","products":[]},{"id":"864fdc09-d0ad-485a-b571-86f8fd66f914","userId":"42398a3d-01fd-46fb-b491-c85513a75759","products":[]},{"id":"78e2e3f1-ae78-475c-b517-dfaa167fa70f","userId":"91380ee6-1cb6-4c8e-aac1-54e5805cb71d","products":[]},{"id":"f593868d-61b2-4e0d-a4a2-db33ccc3d401","userId":"065aa900-d077-4d26-b0c1-db44c5fa49d5","products":[]},{"id":"8fea20a4-618d-48d2-bf9d-f7f12adcbb22","userId":"1b79931a-beff-44d7-9f69-aaf8ee52f196","products":[]},{"id":"ce5de55e-8ddc-40ca-a3fe-4d2fce343575","userId":"5843784a-c431-45c1-980c-be4155d99a03","products":[]},{"id":"7cd42796-16f9-43ba-bcb9-b2c85a21b844","userId":"aea9f37f-006b-43d2-b3e3-363047417251","products":[]},{"id":"b072bd9c-1406-4b75-be1d-20154f42564c","userId":"305855e8-8db1-4930-a240-a0a0202b73fb","products":[]},{"id":"7ba0af62-ff89-465d-9df5-a14a5c0984a3","userId":"6fdcdf7f-791e-41af-9e26-b768a508c3cb","products":[]},{"id":"4404dfef-66cd-432f-aa85-c5dedf7dd115","userId":"2f9cb48f-154f-4f0d-95aa-0c7890025c4b","products":[]},{"id":"504127d5-6f47-4e14-ab2d-d8b7a7189345","userId":"8cd78c52-3ee4-42be-977a-4929eb48bd2c","products":[]},{"id":"2019fd2c-b333-4303-ae82-5d3210cb3c4d","userId":"5009288e-de94-4e6d-9350-d2224f6d17e4","products":[]},{"id":"bd9c937f-135c-41b2-bd1d-b6062c52877d","userId":"7405e36a-34a7-41ed-b6db-0f12caf3fc84","products":[]},{"id":"9febe3e6-bc3c-4cff-a8ff-63e1684fb92c","userId":"4b627108-379e-47b3-9a1c-c225ac69a8bd","products":[]},{"id":"1fb8e579-6938-48ab-a765-1ebd6892e098","userId":"11557939-55a7-416e-b37a-7a36112ebe9b","products":[]},{"id":"8be26dc9-06c5-4d75-bb17-299144e6b592","userId":"dd118c14-9c4f-4068-a261-59d7182d4cd8","products":[]},{"id":"c93e98c3-960b-4362-8027-295ce5c101e2","userId":"3ac073d3-0ff3-4c6e-9457-bd59bad01ce6","products":[]},{"id":"fe54c3d3-fa6b-4e02-92d2-24d036608078","userId":"64714eb9-c755-45ac-979c-8b2fbb263578","products":[]},{"id":"63ea8221-1d09-48f5-b8eb-925654ee5399","userId":"3ab0f107-bbf9-42a4-851f-070bb76fc14d","products":[]},{"id":"52ab8fe7-b8b7-4a67-aaa3-3315e2cc793e","userId":"55cf46cd-a008-4c67-a3ef-360048cda3bd","products":[]},{"id":"266405e4-0fd0-48c3-8c29-b7ac9d2b6ddc","userId":"e580958d-65b1-4be7-9659-07ae4924a966","products":[]},{"id":"1b933e33-b67c-478b-b1d5-f8e3ff5fb5f9","userId":"bcd04385-cc53-40ef-beb5-42b3c154029d","products":[]},{"id":"26d72225-49b7-4008-b7f0-56aedced3372","userId":"fe5b82fa-3f7b-471b-a20b-36cdbb5d6035","products":[]},{"id":"4eebb70a-8f8e-4179-bc35-01de768bfd09","userId":"3369017c-ffba-49ba-9d62-3903684ffeaf","products":[]},{"id":"d0acc03e-f440-43bc-8481-cca684ecd37d","userId":"14ed1c4c-aaae-467c-8cbb-72e99cb037f1","products":[]},{"id":"45be7c7d-246b-4b0b-9b85-25efdd88a0e3","userId":"c554d188-e8b8-43bd-9e4d-844c45fe598c","products":[]},{"id":"290f09f4-723f-4431-86fd-e7126b3b7efb","userId":"16d5456f-553e-4c6e-9cfc-5b6a8ec65866","products":[]},{"id":"5c5e5c11-62b8-439c-a369-bcc29fb7b94f","userId":"15350fa5-8334-445b-bc5a-8ea856bb5961","products":[]},{"id":"f7a488fb-e0d1-4de1-8ae3-dcb634889f86","userId":"b5091516-a12d-419c-8a94-29f80caa199d","products":[]},{"id":"9e8e263d-e832-4770-aa85-d79786a700e1","userId":"d18e8161-c981-4611-93f4-a19f3ceb0a4d","products":[]},{"id":"4f380ff7-6733-4ec6-b9dc-f38348934ed3","userId":"8f5c4e1f-bfeb-4ff4-b8d5-ccbe037e612e","products":[]},{"id":"0be92443-709e-4532-b721-1b165ae1d1d3","userId":"c4219996-5f7b-486f-8fef-50d52b3e1ecf","products":[]},{"id":"f15a91cb-2b3f-473b-9861-181d3d4dec11","userId":"db1e29e3-020a-4217-917b-cfd3b37f8721","products":[]},{"id":"1fdceee2-f7ff-4d95-a6fd-9f4137fa4822","userId":"9e458960-b946-4dc3-836f-3474198de2a2","products":[]},{"id":"e0d01a6a-3c6f-4327-a806-c4f07ff89a5d","userId":"9f02d120-393e-4c10-9097-5aba77175299","products":[]},{"id":"c3ff08b0-d968-4c3a-ad08-fbf98c772fd1","userId":"be052393-8135-4f45-9e4d-98120017b5b8","products":[]},{"id":"86fabb9f-17d8-424b-910c-e8d2e990b2bd","userId":"ec72db04-635c-47c6-9b33-f8b82a2e31a0","products":[]},{"id":"5d828873-15d4-4870-90ac-b5a154b25dc8","userId":"8f5647c1-d2d0-4a83-b9a8-d6a10fa9ef47","products":[]},{"id":"eaff0b49-a48a-4d01-9528-ebd49e374419","userId":"4ac80dcb-b580-45e0-a210-ba0d67364106","products":[]},{"id":"d6c55042-8c2a-407c-a519-1beee5e9a25d","userId":"389888bd-75b8-489c-a308-aec8d145ea72","products":[]},{"id":"f4ee24b4-170f-44c1-9ad5-bd2fcc8c52b8","userId":"2e9562ee-8094-4e66-bda6-dc489df05163","products":[]},{"id":"4637d517-c2ce-4c08-b7b2-c4aa24bf01ad","userId":"6b41d4a1-87ed-414e-bd0f-9304cc14eb0a","products":[]},{"id":"d0215054-e279-4fa2-a4be-6d6ed2b9b1d3","userId":"a7fc7cc3-c19c-4076-8022-5400a400b54c","products":[]},{"id":"ffa5b8a9-0aac-4179-a20e-4cf3d864c77d","userId":"e0383997-a83b-4661-9313-87b88f1e2a3d","products":[]},{"id":"526c61b5-f7cd-49fa-8327-b8426f4149d3","userId":"2e227be7-8aa9-4cb2-bf33-80cec1fb5c43","products":[]},{"id":"cd67e5b5-fc5a-418a-b72c-aa8684304516","userId":"f005d75e-aacf-445a-9569-2ae27496e600","products":[]},{"id":"729dd1f6-eef8-47cc-a9ee-a7d91d1df937","userId":"590d5e01-bbc7-47eb-b0fb-d2090d660254","products":[]},{"id":"4e1ee0a3-cfe6-4d0e-9806-c063f6e343f0","userId":"11503fa8-6d27-456a-8a95-44b6634cf959","products":[]},{"id":"b3c6eab8-6dd6-4b97-86d3-3d37ab816b95","userId":"ca161cdf-eb72-4714-8880-da2a96fa6323","products":[]},{"id":"f81a304c-1d7f-4e95-a241-48444d900084","userId":"0db823eb-1ca5-4d72-8328-b11ff04ba406","products":[]},{"id":"20ca27e0-dfa2-4441-8667-6133d3043124","userId":"65bbfe78-ef98-405a-ab8b-e599dd39e499","products":[]},{"id":"9eef0313-6d68-4a9f-b4ef-902f84eda7d4","userId":"8bb02e0d-71ba-4def-9752-66edfeeec34e","products":[]},{"id":"c5cc669b-b1b4-4cd1-8874-ce8190a81290","userId":"d13d8842-ad26-43a4-920a-16bb71ce7dd5","products":[]},{"id":"d5999f0e-8df1-4c05-b344-2899bd05276a","userId":"197c1605-fb64-4ca2-951b-3e8b41891fad","products":[]},{"id":"9af18315-a910-4da7-992f-5208479c04d6","userId":"08295c1a-3a70-4ba0-8ba3-f68d1fcabd59","products":[]},{"id":"f3fd280e-14fd-455b-9256-8f54351434d2","userId":"d3236045-81c5-4196-ad8f-d9c34f400810","products":[]},{"id":"0e37bc18-27a8-4c64-bd7b-b67e9477e292","userId":"5ba6ec96-15b8-40b4-ab9e-dc4043b9397a","products":[]},{"id":"c1868051-aaba-4b88-a08d-d58fee2c80a2","userId":"14a7147e-f08d-4228-8604-18b5ec1fc527","products":[]},{"id":"c9d9f1c0-3fca-4e53-bfdc-a8c22585f195","userId":"c47180e5-11a4-4119-83ca-14feb7522cb8","products":[]},{"id":"6623c9b2-9b4b-474d-a344-dba9c9d5e227","userId":"bcaf12ed-8bbb-4964-a32f-662265157627","products":[]},{"id":"f2beb356-1219-4bcd-82c0-1823dc654ca9","userId":"387caf9d-e87a-46a0-bfca-8e8337775ba1","products":[]},{"id":"b054f737-03c6-4121-af66-195d7a02965e","userId":"6318c360-2efb-42fd-b170-1edb01910806","products":[]},{"id":"f42af140-ba85-4899-ac62-33c84c0ee77b","userId":"73800ebc-a885-4358-8235-0860d51bb5ed","products":[]},{"id":"cd657c55-b575-40e6-890a-5c1b7cbccbfa","userId":"baeeb145-5c0d-4daa-8c76-b7f100ef1398","products":[]},{"id":"9626c06c-01a2-4c72-a609-054457908616","userId":"4614e052-5978-4bb0-9255-510c7124b43f","products":[]},{"id":"bdaa18d0-c9dd-45b3-b4df-c9c45197a2c3","userId":"d8b7002d-e9e6-4471-8d5b-8fa9307c35ba","products":[]},{"id":"cc1f5886-1a6a-43d5-8c64-f3c347b41dea","userId":"060178f1-b56b-4872-a22d-adc78c50a52f","products":[]},{"id":"d94a601b-28f9-417e-8490-61d5847eac01","userId":"747174c7-6bd1-4615-bb3f-5c9f30ba86c1","products":[]},{"id":"d39e2361-7f2f-456e-abc1-3634ca18795a","userId":"7c290990-afe7-4057-9bc6-d5908b83a6a3","products":[]},{"id":"4f4278e4-585a-4d4d-955c-049d3c62b473","userId":"f540a0ce-33bd-4562-bede-6da9ea495d1d","products":[]},{"id":"82d1373c-bb53-4c2c-8333-32d23ece0c33","userId":"1197abbc-982d-4eed-a85d-bf51790a1df3","products":[]},{"id":"c3f0d4cb-27c8-4f37-9135-b827297b0e5f","userId":"948ed2f7-e754-44c2-a27e-9a2686a3170a","products":[]},{"id":"b2e79656-390e-4a02-941f-07278f89e75c","userId":"4a24ff13-20b6-40dd-aa72-18d98d2ffdaa","products":[]},{"id":"c5b20de2-b5fd-43a2-99c3-13b1dc3e6d43","userId":"79eacf61-c436-4100-92ac-2673f1af9c11","products":[]},{"id":"3ccef51b-7689-4c23-99db-9d807a82f2be","userId":"79f7e63d-5c92-4436-bc9b-20661d4c7c5a","products":[]},{"id":"c7701865-6d06-465b-a40e-b3023ea66f54","userId":"f9e4e4e9-ab59-4ad3-9efa-e7204a9acd01","products":[]},{"id":"1446e5ad-a51b-49f7-accb-179a64ec420d","userId":"ba32f60d-a1e5-463c-8c7a-bc9fc553b109","products":[]},{"id":"ab639629-7be1-4f4e-b15a-4db03f1d0979","userId":"34faabe2-fcf1-44f9-91f2-b6a14ce6e802","products":[]},{"id":"c9456407-9095-443d-9bd8-53ba63df97f6","userId":"b6ff4384-f31e-4247-9c1c-20119dfac6cb","products":[]}]
    Forwarded URL = null
   Redirected URL = null
          Cookies = []
]]></system-out>
  </testcase>
  <testcase name="testAddOrderToUserEndPoint" classname="com.example.MiniProject1.MiniProject1ApplicationTests" time="0.018">
    <error message="Request processing failed: java.lang.IllegalArgumentException: Cart not found " type="jakarta.servlet.ServletException"><![CDATA[jakarta.servlet.ServletException: Request processing failed: java.lang.IllegalArgumentException: Cart not found 
	at org.springframework.web.servlet.FrameworkServlet.processRequest(FrameworkServlet.java:1022)
	at org.springframework.web.servlet.FrameworkServlet.doPost(FrameworkServlet.java:914)
	at jakarta.servlet.http.HttpServlet.service(HttpServlet.java:590)
	at org.springframework.web.servlet.FrameworkServlet.service(FrameworkServlet.java:885)
	at org.springframework.test.web.servlet.TestDispatcherServlet.service(TestDispatcherServlet.java:72)
	at jakarta.servlet.http.HttpServlet.service(HttpServlet.java:658)
	at org.springframework.mock.web.MockFilterChain$ServletFilterProxy.doFilter(MockFilterChain.java:165)
	at org.springframework.mock.web.MockFilterChain.doFilter(MockFilterChain.java:132)
	at org.springframework.web.filter.RequestContextFilter.doFilterInternal(RequestContextFilter.java:100)
	at org.springframework.web.filter.OncePerRequestFilter.doFilter(OncePerRequestFilter.java:116)
	at org.springframework.test.web.servlet.setup.MockMvcFilterDecorator.doFilter(MockMvcFilterDecorator.java:162)
	at org.springframework.mock.web.MockFilterChain.doFilter(MockFilterChain.java:132)
	at org.springframework.web.filter.FormContentFilter.doFilterInternal(FormContentFilter.java:93)
	at org.springframework.web.filter.OncePerRequestFilter.doFilter(OncePerRequestFilter.java:116)
	at org.springframework.test.web.servlet.setup.MockMvcFilterDecorator.doFilter(MockMvcFilterDecorator.java:162)
	at org.springframework.mock.web.MockFilterChain.doFilter(MockFilterChain.java:132)
	at org.springframework.web.filter.CharacterEncodingFilter.doFilterInternal(CharacterEncodingFilter.java:201)
	at org.springframework.web.filter.OncePerRequestFilter.doFilter(OncePerRequestFilter.java:116)
	at org.springframework.test.web.servlet.setup.MockMvcFilterDecorator.doFilter(MockMvcFilterDecorator.java:162)
	at org.springframework.mock.web.MockFilterChain.doFilter(MockFilterChain.java:132)
	at org.springframework.test.web.servlet.MockMvc.perform(MockMvc.java:201)
	at com.example.MiniProject1.MiniProject1ApplicationTests.testAddOrderToUserEndPoint(MiniProject1ApplicationTests.java:356)
	at java.base/java.lang.reflect.Method.invoke(Method.java:580)
	at java.base/java.util.ArrayList.forEach(ArrayList.java:1597)
	at java.base/java.util.ArrayList.forEach(ArrayList.java:1597)
Caused by: java.lang.IllegalArgumentException: Cart not found 
	at com.example.service.CartService.getCartByUserId(CartService.java:52)
	at com.example.service.UserService.addOrderToUser(UserService.java:52)
	at com.example.controller.UserController.addOrderToUser(UserController.java:59)
	at java.base/jdk.internal.reflect.DirectMethodHandleAccessor.invoke(DirectMethodHandleAccessor.java:103)
	at java.base/java.lang.reflect.Method.invoke(Method.java:580)
	at org.springframework.web.method.support.InvocableHandlerMethod.doInvoke(InvocableHandlerMethod.java:257)
	at org.springframework.web.method.support.InvocableHandlerMethod.invokeForRequest(InvocableHandlerMethod.java:190)
	at org.springframework.web.servlet.mvc.method.annotation.ServletInvocableHandlerMethod.invokeAndHandle(ServletInvocableHandlerMethod.java:118)
	at org.springframework.web.servlet.mvc.method.annotation.RequestMappingHandlerAdapter.invokeHandlerMethod(RequestMappingHandlerAdapter.java:986)
	at org.springframework.web.servlet.mvc.method.annotation.RequestMappingHandlerAdapter.handleInternal(RequestMappingHandlerAdapter.java:891)
	at org.springframework.web.servlet.mvc.method.AbstractHandlerMethodAdapter.handle(AbstractHandlerMethodAdapter.java:87)
	at org.springframework.web.servlet.DispatcherServlet.doDispatch(DispatcherServlet.java:1088)
	at org.springframework.web.servlet.DispatcherServlet.doService(DispatcherServlet.java:978)
	at org.springframework.web.servlet.FrameworkServlet.processRequest(FrameworkServlet.java:1014)
	... 24 more
]]></error>
  </testcase>
  <testcase name="testUpdateProductEndPoint" classname="com.example.MiniProject1.MiniProject1ApplicationTests" time="0.018">
    <error message="Request processing failed: java.lang.NullPointerException: Cannot invoke &quot;java.lang.Double.doubleValue()&quot; because the return value of &quot;java.util.Map.get(Object)&quot; is null" type="jakarta.servlet.ServletException"><![CDATA[jakarta.servlet.ServletException: Request processing failed: java.lang.NullPointerException: Cannot invoke "java.lang.Double.doubleValue()" because the return value of "java.util.Map.get(Object)" is null
	at org.springframework.web.servlet.FrameworkServlet.processRequest(FrameworkServlet.java:1022)
	at org.springframework.web.servlet.FrameworkServlet.doPut(FrameworkServlet.java:925)
	at jakarta.servlet.http.HttpServlet.service(HttpServlet.java:593)
	at org.springframework.web.servlet.FrameworkServlet.service(FrameworkServlet.java:885)
	at org.springframework.test.web.servlet.TestDispatcherServlet.service(TestDispatcherServlet.java:72)
	at jakarta.servlet.http.HttpServlet.service(HttpServlet.java:658)
	at org.springframework.mock.web.MockFilterChain$ServletFilterProxy.doFilter(MockFilterChain.java:165)
	at org.springframework.mock.web.MockFilterChain.doFilter(MockFilterChain.java:132)
	at org.springframework.web.filter.RequestContextFilter.doFilterInternal(RequestContextFilter.java:100)
	at org.springframework.web.filter.OncePerRequestFilter.doFilter(OncePerRequestFilter.java:116)
	at org.springframework.test.web.servlet.setup.MockMvcFilterDecorator.doFilter(MockMvcFilterDecorator.java:162)
	at org.springframework.mock.web.MockFilterChain.doFilter(MockFilterChain.java:132)
	at org.springframework.web.filter.FormContentFilter.doFilterInternal(FormContentFilter.java:93)
	at org.springframework.web.filter.OncePerRequestFilter.doFilter(OncePerRequestFilter.java:116)
	at org.springframework.test.web.servlet.setup.MockMvcFilterDecorator.doFilter(MockMvcFilterDecorator.java:162)
	at org.springframework.mock.web.MockFilterChain.doFilter(MockFilterChain.java:132)
	at org.springframework.web.filter.CharacterEncodingFilter.doFilterInternal(CharacterEncodingFilter.java:201)
	at org.springframework.web.filter.OncePerRequestFilter.doFilter(OncePerRequestFilter.java:116)
	at org.springframework.test.web.servlet.setup.MockMvcFilterDecorator.doFilter(MockMvcFilterDecorator.java:162)
	at org.springframework.mock.web.MockFilterChain.doFilter(MockFilterChain.java:132)
	at org.springframework.test.web.servlet.MockMvc.perform(MockMvc.java:201)
	at com.example.MiniProject1.MiniProject1ApplicationTests.testUpdateProductEndPoint(MiniProject1ApplicationTests.java:554)
	at java.base/java.lang.reflect.Method.invoke(Method.java:580)
	at java.base/java.util.ArrayList.forEach(ArrayList.java:1597)
	at java.base/java.util.ArrayList.forEach(ArrayList.java:1597)
Caused by: java.lang.NullPointerException: Cannot invoke "java.lang.Double.doubleValue()" because the return value of "java.util.Map.get(Object)" is null
	at com.example.controller.ProductController.updateProduct(ProductController.java:41)
	at java.base/jdk.internal.reflect.DirectMethodHandleAccessor.invoke(DirectMethodHandleAccessor.java:103)
	at java.base/java.lang.reflect.Method.invoke(Method.java:580)
	at org.springframework.web.method.support.InvocableHandlerMethod.doInvoke(InvocableHandlerMethod.java:257)
	at org.springframework.web.method.support.InvocableHandlerMethod.invokeForRequest(InvocableHandlerMethod.java:190)
	at org.springframework.web.servlet.mvc.method.annotation.ServletInvocableHandlerMethod.invokeAndHandle(ServletInvocableHandlerMethod.java:118)
	at org.springframework.web.servlet.mvc.method.annotation.RequestMappingHandlerAdapter.invokeHandlerMethod(RequestMappingHandlerAdapter.java:986)
	at org.springframework.web.servlet.mvc.method.annotation.RequestMappingHandlerAdapter.handleInternal(RequestMappingHandlerAdapter.java:891)
	at org.springframework.web.servlet.mvc.method.AbstractHandlerMethodAdapter.handle(AbstractHandlerMethodAdapter.java:87)
	at org.springframework.web.servlet.DispatcherServlet.doDispatch(DispatcherServlet.java:1088)
	at org.springframework.web.servlet.DispatcherServlet.doService(DispatcherServlet.java:978)
	at org.springframework.web.servlet.FrameworkServlet.processRequest(FrameworkServlet.java:1014)
	... 24 more
]]></error>
  </testcase>
  <testcase name="testRemoveOrderOfUserEndPoint" classname="com.example.MiniProject1.MiniProject1ApplicationTests" time="0.01"/>
  <testcase name="testGetProductByIdEndPoint" classname="com.example.MiniProject1.MiniProject1ApplicationTests" time="0.004"/>
  <testcase name="testGetProductsEndPoint" classname="com.example.MiniProject1.MiniProject1ApplicationTests" time="0.005"/>
  <testcase name="testAddProductEndPoint" classname="com.example.MiniProject1.MiniProject1ApplicationTests" time="0.011"/>
  <testcase name="testDeleteProductFromCartEndPoint1" classname="com.example.MiniProject1.MiniProject1ApplicationTests" time="0.01">
    <error message="Request processing failed: java.lang.IllegalArgumentException: Cart not found " type="jakarta.servlet.ServletException"><![CDATA[jakarta.servlet.ServletException: Request processing failed: java.lang.IllegalArgumentException: Cart not found 
	at org.springframework.web.servlet.FrameworkServlet.processRequest(FrameworkServlet.java:1022)
	at org.springframework.web.servlet.FrameworkServlet.doPut(FrameworkServlet.java:925)
	at jakarta.servlet.http.HttpServlet.service(HttpServlet.java:593)
	at org.springframework.web.servlet.FrameworkServlet.service(FrameworkServlet.java:885)
	at org.springframework.test.web.servlet.TestDispatcherServlet.service(TestDispatcherServlet.java:72)
	at jakarta.servlet.http.HttpServlet.service(HttpServlet.java:658)
	at org.springframework.mock.web.MockFilterChain$ServletFilterProxy.doFilter(MockFilterChain.java:165)
	at org.springframework.mock.web.MockFilterChain.doFilter(MockFilterChain.java:132)
	at org.springframework.web.filter.RequestContextFilter.doFilterInternal(RequestContextFilter.java:100)
	at org.springframework.web.filter.OncePerRequestFilter.doFilter(OncePerRequestFilter.java:116)
	at org.springframework.test.web.servlet.setup.MockMvcFilterDecorator.doFilter(MockMvcFilterDecorator.java:162)
	at org.springframework.mock.web.MockFilterChain.doFilter(MockFilterChain.java:132)
	at org.springframework.web.filter.FormContentFilter.doFilterInternal(FormContentFilter.java:93)
	at org.springframework.web.filter.OncePerRequestFilter.doFilter(OncePerRequestFilter.java:116)
	at org.springframework.test.web.servlet.setup.MockMvcFilterDecorator.doFilter(MockMvcFilterDecorator.java:162)
	at org.springframework.mock.web.MockFilterChain.doFilter(MockFilterChain.java:132)
	at org.springframework.web.filter.CharacterEncodingFilter.doFilterInternal(CharacterEncodingFilter.java:201)
	at org.springframework.web.filter.OncePerRequestFilter.doFilter(OncePerRequestFilter.java:116)
	at org.springframework.test.web.servlet.setup.MockMvcFilterDecorator.doFilter(MockMvcFilterDecorator.java:162)
	at org.springframework.mock.web.MockFilterChain.doFilter(MockFilterChain.java:132)
	at org.springframework.test.web.servlet.MockMvc.perform(MockMvc.java:201)
	at com.example.MiniProject1.MiniProject1ApplicationTests.testDeleteProductFromCartEndPoint1(MiniProject1ApplicationTests.java:428)
	at java.base/java.lang.reflect.Method.invoke(Method.java:580)
	at java.base/java.util.ArrayList.forEach(ArrayList.java:1597)
	at java.base/java.util.ArrayList.forEach(ArrayList.java:1597)
Caused by: java.lang.IllegalArgumentException: Cart not found 
	at com.example.service.CartService.getCartByUserId(CartService.java:52)
	at com.example.controller.UserController.deleteProductFromCart(UserController.java:99)
	at java.base/jdk.internal.reflect.DirectMethodHandleAccessor.invoke(DirectMethodHandleAccessor.java:103)
	at java.base/java.lang.reflect.Method.invoke(Method.java:580)
	at org.springframework.web.method.support.InvocableHandlerMethod.doInvoke(InvocableHandlerMethod.java:257)
	at org.springframework.web.method.support.InvocableHandlerMethod.invokeForRequest(InvocableHandlerMethod.java:190)
	at org.springframework.web.servlet.mvc.method.annotation.ServletInvocableHandlerMethod.invokeAndHandle(ServletInvocableHandlerMethod.java:118)
	at org.springframework.web.servlet.mvc.method.annotation.RequestMappingHandlerAdapter.invokeHandlerMethod(RequestMappingHandlerAdapter.java:986)
	at org.springframework.web.servlet.mvc.method.annotation.RequestMappingHandlerAdapter.handleInternal(RequestMappingHandlerAdapter.java:891)
	at org.springframework.web.servlet.mvc.method.AbstractHandlerMethodAdapter.handle(AbstractHandlerMethodAdapter.java:87)
	at org.springframework.web.servlet.DispatcherServlet.doDispatch(DispatcherServlet.java:1088)
	at org.springframework.web.servlet.DispatcherServlet.doService(DispatcherServlet.java:978)
	at org.springframework.web.servlet.FrameworkServlet.processRequest(FrameworkServlet.java:1014)
	... 24 more
]]></error>
  </testcase>
  <testcase name="testDeleteProductFromCartEndPoint2" classname="com.example.MiniProject1.MiniProject1ApplicationTests" time="0.008">
    <error message="Request processing failed: java.lang.IllegalArgumentException: Cart not found " type="jakarta.servlet.ServletException"><![CDATA[jakarta.servlet.ServletException: Request processing failed: java.lang.IllegalArgumentException: Cart not found 
	at org.springframework.web.servlet.FrameworkServlet.processRequest(FrameworkServlet.java:1022)
	at org.springframework.web.servlet.FrameworkServlet.doPut(FrameworkServlet.java:925)
	at jakarta.servlet.http.HttpServlet.service(HttpServlet.java:593)
	at org.springframework.web.servlet.FrameworkServlet.service(FrameworkServlet.java:885)
	at org.springframework.test.web.servlet.TestDispatcherServlet.service(TestDispatcherServlet.java:72)
	at jakarta.servlet.http.HttpServlet.service(HttpServlet.java:658)
	at org.springframework.mock.web.MockFilterChain$ServletFilterProxy.doFilter(MockFilterChain.java:165)
	at org.springframework.mock.web.MockFilterChain.doFilter(MockFilterChain.java:132)
	at org.springframework.web.filter.RequestContextFilter.doFilterInternal(RequestContextFilter.java:100)
	at org.springframework.web.filter.OncePerRequestFilter.doFilter(OncePerRequestFilter.java:116)
	at org.springframework.test.web.servlet.setup.MockMvcFilterDecorator.doFilter(MockMvcFilterDecorator.java:162)
	at org.springframework.mock.web.MockFilterChain.doFilter(MockFilterChain.java:132)
	at org.springframework.web.filter.FormContentFilter.doFilterInternal(FormContentFilter.java:93)
	at org.springframework.web.filter.OncePerRequestFilter.doFilter(OncePerRequestFilter.java:116)
	at org.springframework.test.web.servlet.setup.MockMvcFilterDecorator.doFilter(MockMvcFilterDecorator.java:162)
	at org.springframework.mock.web.MockFilterChain.doFilter(MockFilterChain.java:132)
	at org.springframework.web.filter.CharacterEncodingFilter.doFilterInternal(CharacterEncodingFilter.java:201)
	at org.springframework.web.filter.OncePerRequestFilter.doFilter(OncePerRequestFilter.java:116)
	at org.springframework.test.web.servlet.setup.MockMvcFilterDecorator.doFilter(MockMvcFilterDecorator.java:162)
	at org.springframework.mock.web.MockFilterChain.doFilter(MockFilterChain.java:132)
	at org.springframework.test.web.servlet.MockMvc.perform(MockMvc.java:201)
	at com.example.MiniProject1.MiniProject1ApplicationTests.testDeleteProductFromCartEndPoint2(MiniProject1ApplicationTests.java:446)
	at java.base/java.lang.reflect.Method.invoke(Method.java:580)
	at java.base/java.util.ArrayList.forEach(ArrayList.java:1597)
	at java.base/java.util.ArrayList.forEach(ArrayList.java:1597)
Caused by: java.lang.IllegalArgumentException: Cart not found 
	at com.example.service.CartService.getCartByUserId(CartService.java:52)
	at com.example.controller.UserController.deleteProductFromCart(UserController.java:99)
	at java.base/jdk.internal.reflect.DirectMethodHandleAccessor.invoke(DirectMethodHandleAccessor.java:103)
	at java.base/java.lang.reflect.Method.invoke(Method.java:580)
	at org.springframework.web.method.support.InvocableHandlerMethod.doInvoke(InvocableHandlerMethod.java:257)
	at org.springframework.web.method.support.InvocableHandlerMethod.invokeForRequest(InvocableHandlerMethod.java:190)
	at org.springframework.web.servlet.mvc.method.annotation.ServletInvocableHandlerMethod.invokeAndHandle(ServletInvocableHandlerMethod.java:118)
	at org.springframework.web.servlet.mvc.method.annotation.RequestMappingHandlerAdapter.invokeHandlerMethod(RequestMappingHandlerAdapter.java:986)
	at org.springframework.web.servlet.mvc.method.annotation.RequestMappingHandlerAdapter.handleInternal(RequestMappingHandlerAdapter.java:891)
	at org.springframework.web.servlet.mvc.method.AbstractHandlerMethodAdapter.handle(AbstractHandlerMethodAdapter.java:87)
	at org.springframework.web.servlet.DispatcherServlet.doDispatch(DispatcherServlet.java:1088)
	at org.springframework.web.servlet.DispatcherServlet.doService(DispatcherServlet.java:978)
	at org.springframework.web.servlet.FrameworkServlet.processRequest(FrameworkServlet.java:1014)
	... 24 more
]]></error>
  </testcase>
  <testcase name="testDeleteOrderByIdEndPoint2" classname="com.example.MiniProject1.MiniProject1ApplicationTests" time="0.005">
    <failure message="Status expected:&lt;200&gt; but was:&lt;404&gt;" type="java.lang.AssertionError"><![CDATA[java.lang.AssertionError: Status expected:<200> but was:<404>
	at org.springframework.test.util.AssertionErrors.fail(AssertionErrors.java:61)
	at org.springframework.test.util.AssertionErrors.assertEquals(AssertionErrors.java:128)
	at org.springframework.test.web.servlet.result.StatusResultMatchers.lambda$matcher$9(StatusResultMatchers.java:640)
	at org.springframework.test.web.servlet.MockMvc$1.andExpect(MockMvc.java:214)
	at com.example.MiniProject1.MiniProject1ApplicationTests.testDeleteOrderByIdEndPoint2(MiniProject1ApplicationTests.java:743)
	at java.base/java.lang.reflect.Method.invoke(Method.java:580)
	at java.base/java.util.ArrayList.forEach(ArrayList.java:1597)
	at java.base/java.util.ArrayList.forEach(ArrayList.java:1597)
]]></failure>
    <system-out><![CDATA[
MockHttpServletRequest:
      HTTP Method = DELETE
      Request URI = /order/delete/1931780a-25ff-482f-b987-3e03b65b24d2
       Parameters = {}
          Headers = []
             Body = null
    Session Attrs = {}

Handler:
             Type = org.springframework.web.servlet.resource.ResourceHttpRequestHandler

Async:
    Async started = false
     Async result = null

Resolved Exception:
             Type = org.springframework.web.servlet.resource.NoResourceFoundException

ModelAndView:
        View name = null
             View = null
            Model = null

FlashMap:
       Attributes = null

MockHttpServletResponse:
           Status = 404
    Error message = No static resource order/delete/1931780a-25ff-482f-b987-3e03b65b24d2.
          Headers = [Vary:"Origin", "Access-Control-Request-Method", "Access-Control-Request-Headers"]
     Content type = null
             Body = 
    Forwarded URL = null
   Redirected URL = null
          Cookies = []
]]></system-out>
  </testcase>
  <testcase name="testGetOrdersEndPoint" classname="com.example.MiniProject1.MiniProject1ApplicationTests" time="0.003">
    <failure message="Status expected:&lt;200&gt; but was:&lt;404&gt;" type="java.lang.AssertionError"><![CDATA[java.lang.AssertionError: Status expected:<200> but was:<404>
	at org.springframework.test.util.AssertionErrors.fail(AssertionErrors.java:61)
	at org.springframework.test.util.AssertionErrors.assertEquals(AssertionErrors.java:128)
	at org.springframework.test.web.servlet.result.StatusResultMatchers.lambda$matcher$9(StatusResultMatchers.java:640)
	at org.springframework.test.web.servlet.MockMvc$1.andExpect(MockMvc.java:214)
	at com.example.MiniProject1.MiniProject1ApplicationTests.testGetOrdersEndPoint(MiniProject1ApplicationTests.java:703)
	at java.base/java.lang.reflect.Method.invoke(Method.java:580)
	at java.base/java.util.ArrayList.forEach(ArrayList.java:1597)
	at java.base/java.util.ArrayList.forEach(ArrayList.java:1597)
]]></failure>
    <system-out><![CDATA[
MockHttpServletRequest:
      HTTP Method = GET
      Request URI = /order/
       Parameters = {}
          Headers = [Content-Type:"application/json;charset=UTF-8"]
             Body = null
    Session Attrs = {}

Handler:
             Type = org.springframework.web.servlet.resource.ResourceHttpRequestHandler

Async:
    Async started = false
     Async result = null

Resolved Exception:
             Type = org.springframework.web.servlet.resource.NoResourceFoundException

ModelAndView:
        View name = null
             View = null
            Model = null

FlashMap:
       Attributes = null

MockHttpServletResponse:
           Status = 404
    Error message = No static resource order.
          Headers = [Vary:"Origin", "Access-Control-Request-Method", "Access-Control-Request-Headers"]
     Content type = null
             Body = 
    Forwarded URL = null
   Redirected URL = null
          Cookies = []
]]></system-out>
  </testcase>
  <testcase name="testGetOrderByIdEndPoint" classname="com.example.MiniProject1.MiniProject1ApplicationTests" time="0.015">
    <failure message="Status expected:&lt;200&gt; but was:&lt;404&gt;" type="java.lang.AssertionError"><![CDATA[java.lang.AssertionError: Status expected:<200> but was:<404>
	at org.springframework.test.util.AssertionErrors.fail(AssertionErrors.java:61)
	at org.springframework.test.util.AssertionErrors.assertEquals(AssertionErrors.java:128)
	at org.springframework.test.web.servlet.result.StatusResultMatchers.lambda$matcher$9(StatusResultMatchers.java:640)
	at org.springframework.test.web.servlet.MockMvc$1.andExpect(MockMvc.java:214)
	at com.example.MiniProject1.MiniProject1ApplicationTests.testGetOrderByIdEndPoint(MiniProject1ApplicationTests.java:719)
	at java.base/java.lang.reflect.Method.invoke(Method.java:580)
	at java.base/java.util.ArrayList.forEach(ArrayList.java:1597)
	at java.base/java.util.ArrayList.forEach(ArrayList.java:1597)
]]></failure>
    <system-out><![CDATA[
MockHttpServletRequest:
      HTTP Method = GET
      Request URI = /order/24321695-125b-41a7-8694-51713a35000d
       Parameters = {}
          Headers = []
             Body = null
    Session Attrs = {}

Handler:
             Type = org.springframework.web.servlet.resource.ResourceHttpRequestHandler

Async:
    Async started = false
     Async result = null

Resolved Exception:
             Type = org.springframework.web.servlet.resource.NoResourceFoundException

ModelAndView:
        View name = null
             View = null
            Model = null

FlashMap:
       Attributes = null

MockHttpServletResponse:
           Status = 404
    Error message = No static resource order/24321695-125b-41a7-8694-51713a35000d.
          Headers = [Vary:"Origin", "Access-Control-Request-Method", "Access-Control-Request-Headers"]
     Content type = null
             Body = 
    Forwarded URL = null
   Redirected URL = null
          Cookies = []
]]></system-out>
  </testcase>
  <testcase name="testAddProductToCartEndPoint" classname="com.example.MiniProject1.MiniProject1ApplicationTests" time="0.012">
    <error message="Request processing failed: java.lang.IllegalArgumentException: Cart not found " type="jakarta.servlet.ServletException"><![CDATA[jakarta.servlet.ServletException: Request processing failed: java.lang.IllegalArgumentException: Cart not found 
	at org.springframework.web.servlet.FrameworkServlet.processRequest(FrameworkServlet.java:1022)
	at org.springframework.web.servlet.FrameworkServlet.doPut(FrameworkServlet.java:925)
	at jakarta.servlet.http.HttpServlet.service(HttpServlet.java:593)
	at org.springframework.web.servlet.FrameworkServlet.service(FrameworkServlet.java:885)
	at org.springframework.test.web.servlet.TestDispatcherServlet.service(TestDispatcherServlet.java:72)
	at jakarta.servlet.http.HttpServlet.service(HttpServlet.java:658)
	at org.springframework.mock.web.MockFilterChain$ServletFilterProxy.doFilter(MockFilterChain.java:165)
	at org.springframework.mock.web.MockFilterChain.doFilter(MockFilterChain.java:132)
	at org.springframework.web.filter.RequestContextFilter.doFilterInternal(RequestContextFilter.java:100)
	at org.springframework.web.filter.OncePerRequestFilter.doFilter(OncePerRequestFilter.java:116)
	at org.springframework.test.web.servlet.setup.MockMvcFilterDecorator.doFilter(MockMvcFilterDecorator.java:162)
	at org.springframework.mock.web.MockFilterChain.doFilter(MockFilterChain.java:132)
	at org.springframework.web.filter.FormContentFilter.doFilterInternal(FormContentFilter.java:93)
	at org.springframework.web.filter.OncePerRequestFilter.doFilter(OncePerRequestFilter.java:116)
	at org.springframework.test.web.servlet.setup.MockMvcFilterDecorator.doFilter(MockMvcFilterDecorator.java:162)
	at org.springframework.mock.web.MockFilterChain.doFilter(MockFilterChain.java:132)
	at org.springframework.web.filter.CharacterEncodingFilter.doFilterInternal(CharacterEncodingFilter.java:201)
	at org.springframework.web.filter.OncePerRequestFilter.doFilter(OncePerRequestFilter.java:116)
	at org.springframework.test.web.servlet.setup.MockMvcFilterDecorator.doFilter(MockMvcFilterDecorator.java:162)
	at org.springframework.mock.web.MockFilterChain.doFilter(MockFilterChain.java:132)
	at org.springframework.test.web.servlet.MockMvc.perform(MockMvc.java:201)
	at com.example.MiniProject1.MiniProject1ApplicationTests.testAddProductToCartEndPoint(MiniProject1ApplicationTests.java:405)
	at java.base/java.lang.reflect.Method.invoke(Method.java:580)
	at java.base/java.util.ArrayList.forEach(ArrayList.java:1597)
	at java.base/java.util.ArrayList.forEach(ArrayList.java:1597)
Caused by: java.lang.IllegalArgumentException: Cart not found 
	at com.example.service.CartService.getCartByUserId(CartService.java:52)
	at com.example.controller.UserController.addProductToCart(UserController.java:81)
	at java.base/jdk.internal.reflect.DirectMethodHandleAccessor.invoke(DirectMethodHandleAccessor.java:103)
	at java.base/java.lang.reflect.Method.invoke(Method.java:580)
	at org.springframework.web.method.support.InvocableHandlerMethod.doInvoke(InvocableHandlerMethod.java:257)
	at org.springframework.web.method.support.InvocableHandlerMethod.invokeForRequest(InvocableHandlerMethod.java:190)
	at org.springframework.web.servlet.mvc.method.annotation.ServletInvocableHandlerMethod.invokeAndHandle(ServletInvocableHandlerMethod.java:118)
	at org.springframework.web.servlet.mvc.method.annotation.RequestMappingHandlerAdapter.invokeHandlerMethod(RequestMappingHandlerAdapter.java:986)
	at org.springframework.web.servlet.mvc.method.annotation.RequestMappingHandlerAdapter.handleInternal(RequestMappingHandlerAdapter.java:891)
	at org.springframework.web.servlet.mvc.method.AbstractHandlerMethodAdapter.handle(AbstractHandlerMethodAdapter.java:87)
	at org.springframework.web.servlet.DispatcherServlet.doDispatch(DispatcherServlet.java:1088)
	at org.springframework.web.servlet.DispatcherServlet.doService(DispatcherServlet.java:978)
	at org.springframework.web.servlet.FrameworkServlet.processRequest(FrameworkServlet.java:1014)
	... 24 more
]]></error>
  </testcase>
  <testcase name="testAddCartEndPoint" classname="com.example.MiniProject1.MiniProject1ApplicationTests" time="0.014">
    <failure message="Cart should be added correctly ==&gt; expected: &lt;true&gt; but was: &lt;false&gt;" type="org.opentest4j.AssertionFailedError"><![CDATA[org.opentest4j.AssertionFailedError: Cart should be added correctly ==> expected: <true> but was: <false>
	at org.junit.jupiter.api.AssertionFailureBuilder.build(AssertionFailureBuilder.java:151)
	at org.junit.jupiter.api.AssertionFailureBuilder.buildAndThrow(AssertionFailureBuilder.java:132)
	at org.junit.jupiter.api.AssertTrue.failNotTrue(AssertTrue.java:63)
	at org.junit.jupiter.api.AssertTrue.assertTrue(AssertTrue.java:36)
	at org.junit.jupiter.api.Assertions.assertTrue(Assertions.java:214)
	at com.example.MiniProject1.MiniProject1ApplicationTests.testAddCartEndPoint(MiniProject1ApplicationTests.java:623)
	at java.base/java.lang.reflect.Method.invoke(Method.java:580)
	at java.base/java.util.ArrayList.forEach(ArrayList.java:1597)
	at java.base/java.util.ArrayList.forEach(ArrayList.java:1597)
]]></failure>
    <system-out><![CDATA[
MockHttpServletRequest:
      HTTP Method = POST
      Request URI = /cart/
       Parameters = {}
          Headers = [Content-Type:"application/json;charset=UTF-8", Content-Length:"107"]
             Body = {"id":"79c0535f-c3fe-4197-aae9-61ca8f097708","userId":"cc149ce7-2f93-4cc4-aeab-fdb48ed61fe9","products":[]}
    Session Attrs = {}

Handler:
             Type = com.example.controller.CartController
           Method = com.example.controller.CartController#addCart(Cart)

Async:
    Async started = false
     Async result = null

Resolved Exception:
             Type = null

ModelAndView:
        View name = null
             View = null
            Model = null

FlashMap:
       Attributes = null

MockHttpServletResponse:
           Status = 200
    Error message = null
          Headers = [Content-Type:"application/json"]
     Content type = application/json
             Body = {"id":"79c0535f-c3fe-4197-aae9-61ca8f097708","userId":"cc149ce7-2f93-4cc4-aeab-fdb48ed61fe9","products":[]}
    Forwarded URL = null
   Redirected URL = null
          Cookies = []
]]></system-out>
  </testcase>
  <testcase name="testDeleteCartByIdEndPoint" classname="com.example.MiniProject1.MiniProject1ApplicationTests" time="0.009">
    <failure message="Status expected:&lt;200&gt; but was:&lt;404&gt;" type="java.lang.AssertionError"><![CDATA[java.lang.AssertionError: Status expected:<200> but was:<404>
	at org.springframework.test.util.AssertionErrors.fail(AssertionErrors.java:61)
	at org.springframework.test.util.AssertionErrors.assertEquals(AssertionErrors.java:128)
	at org.springframework.test.web.servlet.result.StatusResultMatchers.lambda$matcher$9(StatusResultMatchers.java:640)
	at org.springframework.test.web.servlet.MockMvc$1.andExpect(MockMvc.java:214)
	at com.example.MiniProject1.MiniProject1ApplicationTests.testDeleteCartByIdEndPoint(MiniProject1ApplicationTests.java:665)
	at java.base/java.lang.reflect.Method.invoke(Method.java:580)
	at java.base/java.util.ArrayList.forEach(ArrayList.java:1597)
	at java.base/java.util.ArrayList.forEach(ArrayList.java:1597)
]]></failure>
    <system-out><![CDATA[
MockHttpServletRequest:
      HTTP Method = DELETE
      Request URI = /cart/delete/2ad626e1-8996-4915-990a-8543285d05f5
       Parameters = {}
          Headers = []
             Body = null
    Session Attrs = {}

Handler:
             Type = org.springframework.web.servlet.resource.ResourceHttpRequestHandler

Async:
    Async started = false
     Async result = null

Resolved Exception:
             Type = org.springframework.web.servlet.resource.NoResourceFoundException

ModelAndView:
        View name = null
             View = null
            Model = null

FlashMap:
       Attributes = null

MockHttpServletResponse:
           Status = 404
    Error message = No static resource cart/delete/2ad626e1-8996-4915-990a-8543285d05f5.
          Headers = [Vary:"Origin", "Access-Control-Request-Method", "Access-Control-Request-Headers"]
     Content type = null
             Body = 
    Forwarded URL = null
   Redirected URL = null
          Cookies = []
]]></system-out>
  </testcase>
  <testcase name="testGetUserByIdEndPoint" classname="com.example.MiniProject1.MiniProject1ApplicationTests" time="0.003"/>
  <testcase name="testDeleteUserByIdEndPoint1" classname="com.example.MiniProject1.MiniProject1ApplicationTests" time="0.0"/>
  <testcase name="testDeleteUserByIdEndPoint2" classname="com.example.MiniProject1.MiniProject1ApplicationTests" time="0.0">
    <failure message="Response content expected:&lt;User not found&gt; but was:&lt;User deleted successfully&gt;" type="java.lang.AssertionError"><![CDATA[java.lang.AssertionError: Response content expected:<User not found> but was:<User deleted successfully>
	at org.springframework.test.util.AssertionErrors.fail(AssertionErrors.java:61)
	at org.springframework.test.util.AssertionErrors.assertEquals(AssertionErrors.java:128)
	at org.springframework.test.web.servlet.result.ContentResultMatchers.lambda$string$4(ContentResultMatchers.java:148)
	at org.springframework.test.web.servlet.MockMvc$1.andExpect(MockMvc.java:214)
	at com.example.MiniProject1.MiniProject1ApplicationTests.testDeleteUserByIdEndPoint2(MiniProject1ApplicationTests.java:475)
	at java.base/java.lang.reflect.Method.invoke(Method.java:580)
	at java.base/java.util.ArrayList.forEach(ArrayList.java:1597)
	at java.base/java.util.ArrayList.forEach(ArrayList.java:1597)
]]></failure>
    <system-out><![CDATA[
MockHttpServletRequest:
      HTTP Method = DELETE
      Request URI = /user/delete/9a11fb7e-b028-4e71-b472-ca00f523718c
       Parameters = {}
          Headers = []
             Body = null
    Session Attrs = {}

Handler:
             Type = com.example.controller.UserController
           Method = com.example.controller.UserController#deleteUserById(UUID)

Async:
    Async started = false
     Async result = null

Resolved Exception:
             Type = null

ModelAndView:
        View name = null
             View = null
            Model = null

FlashMap:
       Attributes = null

MockHttpServletResponse:
           Status = 200
    Error message = null
          Headers = [Content-Type:"text/plain;charset=UTF-8", Content-Length:"25"]
     Content type = text/plain;charset=UTF-8
             Body = User deleted successfully
    Forwarded URL = null
   Redirected URL = null
          Cookies = []
]]></system-out>
  </testcase>
</testsuite>